<?xml version="1.0" encoding="UTF-8"?>
<coverage generated="1785592295043" clover="3.2.0">
  <project timestamp="1785592295043" name="All files">
    <metrics statements="361" coveredstatements="100" conditionals="137" coveredconditionals="22" methods="126" coveredmethods="37" elements="624" coveredelements="159" complexity="0" loc="361" ncloc="361" packages="3" files="5" classes="5"/>
    <package name="components">
      <metrics statements="4" coveredstatements="4" conditionals="13" coveredconditionals="10" methods="2" coveredmethods="2"/>
      <file name="TagChip.tsx" path="/Users/webb/dev/workspace_private/SkillForge/src/components/TagChip.tsx">
        <metrics statements="4" coveredstatements="4" conditionals="13" coveredconditionals="10" methods="2" coveredmethods="2"/>
        <line num="13" count="1" type="stmt"/>
        <line num="20" count="5" type="stmt"/>
        <line num="49" count="1" type="stmt"/>
        <line num="50" count="1" type="stmt"/>
      </file>
    </package>
    <package name="lib">
      <metrics statements="68" coveredstatements="15" conditionals="12" coveredconditionals="0" methods="56" coveredmethods="14"/>
      <file name="ipc.ts" path="/Users/webb/dev/workspace_private/SkillForge/src/lib/ipc.ts">
        <metrics statements="54" coveredstatements="14" conditionals="2" coveredconditionals="0" methods="53" coveredmethods="13"/>
        <line num="49" count="2" type="stmt"/>
        <line num="51" count="4" type="stmt"/>
        <line num="53" count="1" type="stmt"/>
        <line num="55" count="0" type="stmt"/>
        <line num="57" count="1" type="stmt"/>
        <line num="59" count="0" type="stmt"/>
        <line num="60" count="0" type="stmt"/>
        <line num="63" count="3" type="stmt"/>
        <line num="64" count="1" type="stmt"/>
        <line num="66" count="0" type="stmt"/>
        <line num="68" count="1" type="stmt"/>
        <line num="69" count="0" type="stmt"/>
        <line num="71" count="0" type="stmt"/>
        <line num="73" count="0" type="stmt"/>
        <line num="75" count="0" type="stmt"/>
        <line num="77" count="0" type="stmt"/>
        <line num="86" count="1" type="stmt"/>
        <line num="89" count="1" type="stmt"/>
        <line num="90" count="2" type="stmt"/>
        <line num="94" count="0" type="stmt"/>
        <line num="99" count="0" type="stmt"/>
        <line num="101" count="0" type="stmt"/>
        <line num="103" count="0" type="stmt"/>
        <line num="104" count="0" type="stmt"/>
        <line num="108" count="0" type="stmt"/>
        <line num="109" count="0" type="stmt"/>
        <line num="110" count="0" type="stmt"/>
        <line num="112" count="0" type="stmt"/>
        <line num="113" count="0" type="stmt"/>
        <line num="117" count="0" type="stmt"/>
        <line num="123" count="0" type="stmt"/>
        <line num="125" count="0" type="stmt"/>
        <line num="127" count="0" type="stmt"/>
        <line num="128" count="0" type="stmt"/>
        <line num="130" count="0" type="stmt"/>
        <line num="134" count="0" type="stmt"/>
        <line num="135" count="2" type="stmt"/>
        <line num="136" count="0" type="stmt"/>
        <line num="138" count="0" type="stmt"/>
        <line num="139" count="0" type="stmt"/>
        <line num="141" count="0" type="stmt"/>
        <line num="142" count="0" type="stmt"/>
        <line num="144" count="0" type="stmt"/>
        <line num="151" count="1" type="stmt"/>
        <line num="153" count="0" type="stmt"/>
        <line num="155" count="0" type="stmt"/>
        <line num="157" count="0" type="stmt"/>
        <line num="161" count="0" type="stmt"/>
        <line num="162" count="0" type="stmt"/>
        <line num="168" count="0" type="stmt"/>
        <line num="178" count="0" type="stmt"/>
        <line num="180" count="0" type="stmt"/>
        <line num="184" count="3" type="stmt"/>
        <line num="185" count="2" type="stmt"/>
      </file>
      <file name="utils.ts" path="/Users/webb/dev/workspace_private/SkillForge/src/lib/utils.ts">
        <metrics statements="14" coveredstatements="1" conditionals="10" coveredconditionals="0" methods="3" coveredmethods="1"/>
        <line num="5" count="5" type="stmt"/>
        <line num="9" count="0" type="cond" truecount="0" falsecount="2"/>
        <line num="10" count="0" type="stmt"/>
        <line num="14" count="0" type="stmt"/>
        <line num="15" count="0" type="stmt"/>
        <line num="16" count="0" type="stmt"/>
        <line num="17" count="0" type="stmt"/>
        <line num="18" count="0" type="stmt"/>
        <line num="19" count="0" type="stmt"/>
        <line num="21" count="0" type="cond" truecount="0" falsecount="2"/>
        <line num="22" count="0" type="cond" truecount="0" falsecount="2"/>
        <line num="23" count="0" type="cond" truecount="0" falsecount="2"/>
        <line num="24" count="0" type="cond" truecount="0" falsecount="2"/>
        <line num="26" count="0" type="stmt"/>
      </file>
    </package>
    <package name="stores">
      <metrics statements="289" coveredstatements="81" conditionals="112" coveredconditionals="12" methods="68" coveredmethods="21"/>
      <file name="appStore.ts" path="/Users/webb/dev/workspace_private/SkillForge/src/stores/appStore.ts">
        <metrics statements="270" coveredstatements="66" conditionals="108" coveredconditionals="10" methods="62" coveredmethods="16"/>
        <line num="184" count="1" type="stmt"/>
        <line num="214" count="0" type="stmt"/>
        <line num="217" count="0" type="stmt"/>
        <line num="218" count="0" type="stmt"/>
        <line num="222" count="7" type="stmt"/>
        <line num="223" count="7" type="stmt"/>
        <line num="224" count="7" type="stmt"/>
        <line num="225" count="0" type="stmt"/>
        <line num="229" count="0" type="stmt"/>
        <line num="233" count="0" type="stmt"/>
        <line num="235" count="0" type="stmt"/>
        <line num="238" count="0" type="stmt"/>
        <line num="239" count="0" type="stmt"/>
        <line num="243" count="4" type="stmt"/>
        <line num="244" count="4" type="stmt"/>
        <line num="245" count="4" type="stmt"/>
        <line num="246" count="3" type="stmt"/>
        <line num="248" count="1" type="cond" truecount="1" falsecount="1"/>
        <line num="249" count="1" type="stmt"/>
        <line num="250" count="1" type="stmt"/>
        <line num="253" count="1" type="stmt"/>
        <line num="256" count="1" type="stmt"/>
        <line num="260" count="1" type="cond" truecount="1" falsecount="1"/>
        <line num="261" count="1" type="stmt"/>
        <line num="262" count="1" type="stmt"/>
        <line num="263" count="1" type="stmt"/>
        <line num="264" count="1" type="cond" truecount="1" falsecount="1"/>
        <line num="265" count="1" type="stmt"/>
        <line num="268" count="0" type="cond" truecount="0" falsecount="2"/>
        <line num="269" count="0" type="cond" truecount="0" falsecount="2"/>
        <line num="270" count="0" type="stmt"/>
        <line num="275" count="1" type="stmt"/>
        <line num="276" count="1" type="stmt"/>
        <line num="277" count="1" type="stmt"/>
        <line num="278" count="1" type="cond" truecount="1" falsecount="1"/>
        <line num="279" count="1" type="stmt"/>
        <line num="281" count="1" type="stmt"/>
        <line num="282" count="1" type="stmt"/>
        <line num="284" count="0" type="cond" truecount="0" falsecount="2"/>
        <line num="285" count="0" type="stmt"/>
        <line num="289" count="0" type="stmt"/>
        <line num="290" count="0" type="stmt"/>
        <line num="291" count="0" type="stmt"/>
        <line num="292" count="0" type="stmt"/>
        <line num="294" count="0" type="cond" truecount="0" falsecount="2"/>
        <line num="295" count="0" type="stmt"/>
        <line num="301" count="0" type="stmt"/>
        <line num="302" count="0" type="stmt"/>
        <line num="303" count="0" type="stmt"/>
        <line num="304" count="0" type="stmt"/>
        <line num="306" count="0" type="cond" truecount="0" falsecount="2"/>
        <line num="307" count="0" type="stmt"/>
        <line num="308" count="0" type="stmt"/>
        <line num="311" count="0" type="stmt"/>
        <line num="313" count="0" type="stmt"/>
        <line num="314" count="0" type="stmt"/>
        <line num="315" count="0" type="stmt"/>
        <line num="316" count="0" type="cond" truecount="0" falsecount="2"/>
        <line num="317" count="0" type="stmt"/>
        <line num="320" count="0" type="cond" truecount="0" falsecount="2"/>
        <line num="321" count="0" type="stmt"/>
        <line num="325" count="0" type="stmt"/>
        <line num="326" count="0" type="stmt"/>
        <line num="327" count="0" type="stmt"/>
        <line num="328" count="0" type="stmt"/>
        <line num="330" count="0" type="cond" truecount="0" falsecount="2"/>
        <line num="331" count="0" type="stmt"/>
        <line num="335" count="0" type="stmt"/>
        <line num="336" count="0" type="stmt"/>
        <line num="337" count="0" type="stmt"/>
        <line num="338" count="0" type="cond" truecount="0" falsecount="2"/>
        <line num="339" count="0" type="stmt"/>
        <line num="341" count="0" type="stmt"/>
        <line num="342" count="0" type="stmt"/>
        <line num="343" count="0" type="stmt"/>
        <line num="345" count="0" type="cond" truecount="0" falsecount="2"/>
        <line num="346" count="0" type="stmt"/>
        <line num="352" count="0" type="stmt"/>
        <line num="353" count="0" type="stmt"/>
        <line num="354" count="0" type="stmt"/>
        <line num="356" count="0" type="cond" truecount="0" falsecount="2"/>
        <line num="357" count="0" type="stmt"/>
        <line num="361" count="0" type="stmt"/>
        <line num="362" count="0" type="stmt"/>
        <line num="368" count="0" type="stmt"/>
        <line num="369" count="0" type="stmt"/>
        <line num="370" count="0" type="stmt"/>
        <line num="372" count="0" type="cond" truecount="0" falsecount="2"/>
        <line num="373" count="0" type="stmt"/>
        <line num="377" count="0" type="stmt"/>
        <line num="378" count="0" type="stmt"/>
        <line num="380" count="0" type="stmt"/>
        <line num="381" count="0" type="stmt"/>
        <line num="382" count="0" type="stmt"/>
        <line num="384" count="0" type="cond" truecount="0" falsecount="2"/>
        <line num="385" count="0" type="stmt"/>
        <line num="389" count="0" type="stmt"/>
        <line num="390" count="0" type="stmt"/>
        <line num="391" count="0" type="stmt"/>
        <line num="392" count="0" type="stmt"/>
        <line num="393" count="0" type="stmt"/>
        <line num="394" count="0" type="stmt"/>
        <line num="396" count="0" type="cond" truecount="0" falsecount="2"/>
        <line num="397" count="0" type="stmt"/>
        <line num="401" count="0" type="stmt"/>
        <line num="402" count="0" type="stmt"/>
        <line num="403" count="0" type="stmt"/>
        <line num="405" count="0" type="cond" truecount="0" falsecount="2"/>
        <line num="406" count="0" type="stmt"/>
        <line num="410" count="0" type="stmt"/>
        <line num="411" count="0" type="stmt"/>
        <line num="412" count="0" type="stmt"/>
        <line num="414" count="0" type="cond" truecount="0" falsecount="2"/>
        <line num="415" count="0" type="stmt"/>
        <line num="421" count="3" type="stmt"/>
        <line num="422" count="3" type="stmt"/>
        <line num="423" count="3" type="stmt"/>
        <line num="425" count="0" type="cond" truecount="0" falsecount="2"/>
        <line num="426" count="0" type="stmt"/>
        <line num="430" count="1" type="stmt"/>
        <line num="432" count="1" type="stmt"/>
        <line num="433" count="1" type="stmt"/>
        <line num="434" count="1" type="stmt"/>
        <line num="435" count="1" type="stmt"/>
        <line num="437" count="0" type="cond" truecount="0" falsecount="2"/>
        <line num="438" count="0" type="stmt"/>
        <line num="442" count="0" type="stmt"/>
        <line num="443" count="0" type="stmt"/>
        <line num="444" count="0" type="stmt"/>
        <line num="445" count="0" type="stmt"/>
        <line num="447" count="0" type="cond" truecount="0" falsecount="2"/>
        <line num="448" count="0" type="stmt"/>
        <line num="452" count="1" type="stmt"/>
        <line num="453" count="1" type="stmt"/>
        <line num="454" count="1" type="stmt"/>
        <line num="455" count="1" type="cond" truecount="1" falsecount="1"/>
        <line num="456" count="1" type="stmt"/>
        <line num="458" count="1" type="stmt"/>
        <line num="459" count="1" type="stmt"/>
        <line num="461" count="0" type="cond" truecount="0" falsecount="2"/>
        <line num="462" count="0" type="stmt"/>
        <line num="466" count="0" type="stmt"/>
        <line num="467" count="0" type="stmt"/>
        <line num="468" count="0" type="stmt"/>
        <line num="470" count="0" type="cond" truecount="0" falsecount="2"/>
        <line num="471" count="0" type="stmt"/>
        <line num="475" count="0" type="stmt"/>
        <line num="476" count="0" type="stmt"/>
        <line num="477" count="0" type="stmt"/>
        <line num="478" count="0" type="stmt"/>
        <line num="480" count="0" type="cond" truecount="0" falsecount="2"/>
        <line num="481" count="0" type="stmt"/>
        <line num="485" count="0" type="stmt"/>
        <line num="486" count="0" type="stmt"/>
        <line num="487" count="0" type="stmt"/>
        <line num="488" count="0" type="stmt"/>
        <line num="490" count="0" type="cond" truecount="0" falsecount="2"/>
        <line num="491" count="0" type="stmt"/>
        <line num="495" count="0" type="stmt"/>
        <line num="496" count="0" type="stmt"/>
        <line num="497" count="0" type="stmt"/>
        <line num="498" count="0" type="stmt"/>
        <line num="500" count="0" type="cond" truecount="0" falsecount="2"/>
        <line num="501" count="0" type="stmt"/>
        <line num="505" count="0" type="stmt"/>
        <line num="506" count="0" type="stmt"/>
        <line num="507" count="0" type="stmt"/>
        <line num="508" count="0" type="stmt"/>
        <line num="510" count="0" type="cond" truecount="0" falsecount="2"/>
        <line num="511" count="0" type="stmt"/>
        <line num="516" count="0" type="stmt"/>
        <line num="517" count="0" type="stmt"/>
        <line num="518" count="0" type="stmt"/>
        <line num="520" count="0" type="cond" truecount="0" falsecount="2"/>
        <line num="521" count="0" type="stmt"/>
        <line num="525" count="0" type="stmt"/>
        <line num="526" count="0" type="stmt"/>
        <line num="527" count="0" type="stmt"/>
        <line num="528" count="0" type="stmt"/>
        <line num="530" count="0" type="cond" truecount="0" falsecount="2"/>
        <line num="531" count="0" type="stmt"/>
        <line num="535" count="0" type="stmt"/>
        <line num="536" count="0" type="stmt"/>
        <line num="537" count="0" type="stmt"/>
        <line num="538" count="0" type="stmt"/>
        <line num="540" count="0" type="cond" truecount="0" falsecount="2"/>
        <line num="541" count="0" type="stmt"/>
        <line num="545" count="0" type="stmt"/>
        <line num="546" count="0" type="stmt"/>
        <line num="547" count="0" type="stmt"/>
        <line num="548" count="0" type="stmt"/>
        <line num="550" count="0" type="cond" truecount="0" falsecount="2"/>
        <line num="551" count="0" type="stmt"/>
        <line num="557" count="0" type="stmt"/>
        <line num="558" count="0" type="stmt"/>
        <line num="559" count="0" type="stmt"/>
        <line num="561" count="0" type="cond" truecount="0" falsecount="2"/>
        <line num="562" count="0" type="stmt"/>
        <line num="568" count="2" type="stmt"/>
        <line num="569" count="2" type="stmt"/>
        <line num="570" count="2" type="stmt"/>
        <line num="572" count="0" type="cond" truecount="0" falsecount="2"/>
        <line num="573" count="0" type="stmt"/>
        <line num="577" count="1" type="stmt"/>
        <line num="579" count="1" type="cond" truecount="3" falsecount="1"/>
        <line num="580" count="1" type="stmt"/>
        <line num="581" count="1" type="stmt"/>
        <line num="582" count="0" type="stmt"/>
        <line num="583" count="0" type="cond" truecount="0" falsecount="2"/>
        <line num="584" count="0" type="stmt"/>
        <line num="585" count="0" type="cond" truecount="0" falsecount="2"/>
        <line num="591" count="1" type="stmt"/>
        <line num="592" count="1" type="stmt"/>
        <line num="593" count="1" type="stmt"/>
        <line num="594" count="1" type="stmt"/>
        <line num="595" count="1" type="cond" truecount="1" falsecount="1"/>
        <line num="596" count="1" type="stmt"/>
        <line num="598" count="0" type="stmt"/>
        <line num="600" count="1" type="stmt"/>
        <line num="602" count="0" type="cond" truecount="0" falsecount="2"/>
        <line num="603" count="0" type="stmt"/>
        <line num="604" count="0" type="stmt"/>
        <line num="608" count="1" type="stmt"/>
        <line num="609" count="1" type="stmt"/>
        <line num="610" count="1" type="stmt"/>
        <line num="612" count="0" type="cond" truecount="0" falsecount="2"/>
        <line num="613" count="0" type="stmt"/>
        <line num="619" count="2" type="stmt"/>
        <line num="620" count="2" type="stmt"/>
        <line num="621" count="1" type="stmt"/>
        <line num="623" count="1" type="cond" truecount="1" falsecount="1"/>
        <line num="624" count="1" type="stmt"/>
        <line num="628" count="0" type="stmt"/>
        <line num="629" count="0" type="stmt"/>
        <line num="630" count="0" type="stmt"/>
        <line num="632" count="0" type="cond" truecount="0" falsecount="2"/>
        <line num="633" count="0" type="stmt"/>
        <line num="637" count="1" type="stmt"/>
        <line num="638" count="1" type="stmt"/>
        <line num="639" count="1" type="stmt"/>
        <line num="641" count="0" type="cond" truecount="0" falsecount="2"/>
        <line num="642" count="0" type="stmt"/>
        <line num="646" count="0" type="stmt"/>
        <line num="647" count="0" type="stmt"/>
        <line num="649" count="0" type="cond" truecount="0" falsecount="2"/>
        <line num="650" count="0" type="stmt"/>
        <line num="651" count="0" type="stmt"/>
        <line num="659" count="0" type="stmt"/>
        <line num="660" count="0" type="stmt"/>
        <line num="666" count="0" type="cond" truecount="0" falsecount="4"/>
        <line num="667" count="0" type="stmt"/>
        <line num="668" count="0" type="stmt"/>
        <line num="671" count="0" type="stmt"/>
        <line num="672" count="0" type="stmt"/>
        <line num="677" count="0" type="stmt"/>
        <line num="682" count="0" type="stmt"/>
        <line num="683" count="0" type="stmt"/>
        <line num="684" count="0" type="stmt"/>
        <line num="685" count="0" type="stmt"/>
        <line num="686" count="0" type="stmt"/>
        <line num="687" count="0" type="stmt"/>
        <line num="688" count="0" type="stmt"/>
        <line num="689" count="0" type="stmt"/>
        <line num="690" count="0" type="cond" truecount="0" falsecount="2"/>
        <line num="692" count="0" type="cond" truecount="0" falsecount="2"/>
        <line num="695" count="0" type="stmt"/>
        <line num="699" count="0" type="stmt"/>
        <line num="701" count="0" type="cond" truecount="0" falsecount="2"/>
        <line num="702" count="0" type="stmt"/>
        <line num="703" count="0" type="stmt"/>
      </file>
      <file name="watcherStore.ts" path="/Users/webb/dev/workspace_private/SkillForge/src/stores/watcherStore.ts">
        <metrics statements="19" coveredstatements="15" conditionals="4" coveredconditionals="2" methods="6" coveredmethods="5"/>
        <line num="14" count="1" type="stmt"/>
        <line num="20" count="3" type="stmt"/>
        <line num="21" count="3" type="stmt"/>
        <line num="22" count="3" type="stmt"/>
        <line num="23" count="2" type="stmt"/>
        <line num="29" count="1" type="stmt"/>
        <line num="34" count="1" type="stmt"/>
        <line num="35" count="1" type="stmt"/>
        <line num="39" count="2" type="cond" truecount="2" falsecount="0"/>
        <line num="40" count="1" type="stmt"/>
        <line num="42" count="2" type="stmt"/>
        <line num="46" count="1" type="stmt"/>
        <line num="47" count="1" type="stmt"/>
        <line num="48" count="1" type="stmt"/>
        <line num="49" count="0" type="stmt"/>
        <line num="50" count="0" type="cond" truecount="0" falsecount="2"/>
        <line num="51" count="0" type="stmt"/>
        <line num="52" count="0" type="stmt"/>
        <line num="54" count="1" type="stmt"/>
      </file>
    </package>
  </project>
</coverage>
