{"/Users/webb/dev/workspace_private/SkillForge/src/components/TagChip.tsx": {"path":"/Users/webb/dev/workspace_private/SkillForge/src/components/TagChip.tsx","statementMap":{"0":{"start":{"line":13,"column":13},"end":{"line":58,"column":null}},"1":{"start":{"line":20,"column":2},"end":{"line":56,"column":null}},"2":{"start":{"line":49,"column":12},"end":{"line":49,"column":null}},"3":{"start":{"line":50,"column":12},"end":{"line":50,"column":null}}},"fnMap":{"0":{"name":"TagChip2","decl":{"start":{"line":13,"column":37},"end":{"line":13,"column":45}},"loc":{"start":{"line":19,"column":17},"end":{"line":58,"column":1}},"line":19},"1":{"name":"(anonymous_1)","decl":{"start":{"line":48,"column":19},"end":{"line":48,"column":20}},"loc":{"start":{"line":48,"column":26},"end":{"line":51,"column":null}},"line":48}},"branchMap":{"0":{"loc":{"start":{"line":18,"column":2},"end":{"line":18,"column":null}},"type":"default-arg","locations":[{"start":{"line":18,"column":9},"end":{"line":18,"column":null}}],"line":18},"1":{"loc":{"start":{"line":24,"column":8},"end":{"line":24,"column":null}},"type":"cond-expr","locations":[{"start":{"line":24,"column":24},"end":{"line":24,"column":48}},{"start":{"line":24,"column":48},"end":{"line":24,"column":null}}],"line":24},"2":{"loc":{"start":{"line":25,"column":8},"end":{"line":25,"column":null}},"type":"cond-expr","locations":[{"start":{"line":25,"column":19},"end":{"line":25,"column":57}},{"start":{"line":25,"column":57},"end":{"line":25,"column":null}}],"line":25},"3":{"loc":{"start":{"line":28,"column":8},"end":{"line":33,"column":null}},"type":"cond-expr","locations":[{"start":{"line":29,"column":12},"end":{"line":32,"column":null}},{"start":{"line":33,"column":12},"end":{"line":33,"column":null}}],"line":28},"4":{"loc":{"start":{"line":39,"column":15},"end":{"line":39,"column":null}},"type":"cond-expr","locations":[{"start":{"line":39,"column":27},"end":{"line":39,"column":60}},{"start":{"line":39,"column":60},"end":{"line":39,"column":null}}],"line":39},"5":{"loc":{"start":{"line":42,"column":7},"end":{"line":43,"column":null}},"type":"binary-expr","locations":[{"start":{"line":42,"column":7},"end":{"line":42,"column":null}},{"start":{"line":43,"column":8},"end":{"line":43,"column":null}}],"line":42},"6":{"loc":{"start":{"line":45,"column":7},"end":{"line":54,"column":null}},"type":"binary-expr","locations":[{"start":{"line":45,"column":7},"end":{"line":45,"column":null}},{"start":{"line":46,"column":8},"end":{"line":54,"column":null}}],"line":45}},"s":{"0":1,"1":5,"2":1,"3":1},"f":{"0":5,"1":1},"b":{"0":[5],"1":[0,5],"2":[1,4],"3":[5,0],"4":[5,0],"5":[5,1],"6":[5,1]},"meta":{"lastBranch":7,"lastFunction":2,"lastStatement":4,"seen":{"s:13:13:58:Infinity":0,"f:13:37:13:45":0,"b:18:9:18:Infinity":0,"s:20:2:56:Infinity":1,"b:24:24:24:48:24:48:24:Infinity":1,"b:25:19:25:57:25:57:25:Infinity":2,"b:29:12:32:Infinity:33:12:33:Infinity":3,"b:39:27:39:60:39:60:39:Infinity":4,"b:42:7:42:Infinity:43:8:43:Infinity":5,"b:45:7:45:Infinity:46:8:54:Infinity":6,"f:48:19:48:20":1,"s:49:12:49:Infinity":2,"s:50:12:50:Infinity":3},"fnNames":{}}}
,"/Users/webb/dev/workspace_private/SkillForge/src/lib/ipc.ts": {"path":"/Users/webb/dev/workspace_private/SkillForge/src/lib/ipc.ts","statementMap":{"0":{"start":{"line":49,"column":19},"end":{"line":187,"column":null}},"1":{"start":{"line":51,"column":36},"end":{"line":52,"column":null}},"2":{"start":{"line":53,"column":33},"end":{"line":54,"column":null}},"3":{"start":{"line":55,"column":39},"end":{"line":56,"column":null}},"4":{"start":{"line":57,"column":19},"end":{"line":58,"column":null}},"5":{"start":{"line":59,"column":16},"end":{"line":59,"column":null}},"6":{"start":{"line":60,"column":17},"end":{"line":60,"column":null}},"7":{"start":{"line":63,"column":14},"end":{"line":63,"column":null}},"8":{"start":{"line":64,"column":16},"end":{"line":65,"column":null}},"9":{"start":{"line":66,"column":28},"end":{"line":67,"column":null}},"10":{"start":{"line":68,"column":16},"end":{"line":68,"column":null}},"11":{"start":{"line":69,"column":37},"end":{"line":70,"column":null}},"12":{"start":{"line":71,"column":42},"end":{"line":72,"column":null}},"13":{"start":{"line":73,"column":36},"end":{"line":74,"column":null}},"14":{"start":{"line":75,"column":41},"end":{"line":76,"column":null}},"15":{"start":{"line":77,"column":19},"end":{"line":78,"column":null}},"16":{"start":{"line":86,"column":4},"end":{"line":88,"column":null}},"17":{"start":{"line":89,"column":17},"end":{"line":89,"column":null}},"18":{"start":{"line":90,"column":21},"end":{"line":91,"column":null}},"19":{"start":{"line":94,"column":16},"end":{"line":94,"column":null}},"20":{"start":{"line":99,"column":4},"end":{"line":100,"column":null}},"21":{"start":{"line":101,"column":42},"end":{"line":102,"column":null}},"22":{"start":{"line":103,"column":18},"end":{"line":103,"column":null}},"23":{"start":{"line":104,"column":30},"end":{"line":105,"column":null}},"24":{"start":{"line":108,"column":14},"end":{"line":108,"column":null}},"25":{"start":{"line":109,"column":15},"end":{"line":109,"column":null}},"26":{"start":{"line":110,"column":27},"end":{"line":111,"column":null}},"27":{"start":{"line":112,"column":15},"end":{"line":112,"column":null}},"28":{"start":{"line":113,"column":19},"end":{"line":114,"column":null}},"29":{"start":{"line":117,"column":50},"end":{"line":118,"column":null}},"30":{"start":{"line":123,"column":4},"end":{"line":124,"column":null}},"31":{"start":{"line":125,"column":57},"end":{"line":126,"column":null}},"32":{"start":{"line":127,"column":14},"end":{"line":127,"column":null}},"33":{"start":{"line":128,"column":52},"end":{"line":129,"column":null}},"34":{"start":{"line":130,"column":52},"end":{"line":131,"column":null}},"35":{"start":{"line":134,"column":16},"end":{"line":134,"column":null}},"36":{"start":{"line":135,"column":21},"end":{"line":135,"column":null}},"37":{"start":{"line":136,"column":22},"end":{"line":137,"column":null}},"38":{"start":{"line":138,"column":17},"end":{"line":138,"column":null}},"39":{"start":{"line":139,"column":38},"end":{"line":140,"column":null}},"40":{"start":{"line":141,"column":13},"end":{"line":141,"column":null}},"41":{"start":{"line":142,"column":20},"end":{"line":143,"column":null}},"42":{"start":{"line":144,"column":45},"end":{"line":148,"column":null}},"43":{"start":{"line":151,"column":31},"end":{"line":152,"column":null}},"44":{"start":{"line":153,"column":19},"end":{"line":154,"column":null}},"45":{"start":{"line":155,"column":33},"end":{"line":156,"column":null}},"46":{"start":{"line":157,"column":22},"end":{"line":158,"column":null}},"47":{"start":{"line":161,"column":17},"end":{"line":161,"column":null}},"48":{"start":{"line":162,"column":42},"end":{"line":163,"column":null}},"49":{"start":{"line":168,"column":4},"end":{"line":175,"column":null}},"50":{"start":{"line":178,"column":36},"end":{"line":179,"column":null}},"51":{"start":{"line":180,"column":20},"end":{"line":181,"column":null}},"52":{"start":{"line":184,"column":20},"end":{"line":184,"column":null}},"53":{"start":{"line":185,"column":40},"end":{"line":186,"column":null}}},"fnMap":{"0":{"name":"(anonymous_0)","decl":{"start":{"line":51,"column":14},"end":{"line":51,"column":15}},"loc":{"start":{"line":51,"column":36},"end":{"line":52,"column":null}},"line":51},"1":{"name":"(anonymous_1)","decl":{"start":{"line":53,"column":16},"end":{"line":53,"column":17}},"loc":{"start":{"line":53,"column":33},"end":{"line":54,"column":null}},"line":53},"2":{"name":"(anonymous_2)","decl":{"start":{"line":55,"column":22},"end":{"line":55,"column":23}},"loc":{"start":{"line":55,"column":39},"end":{"line":56,"column":null}},"line":55},"3":{"name":"(anonymous_3)","decl":{"start":{"line":57,"column":18},"end":{"line":57,"column":19}},"loc":{"start":{"line":57,"column":19},"end":{"line":58,"column":null}},"line":57},"4":{"name":"(anonymous_4)","decl":{"start":{"line":59,"column":15},"end":{"line":59,"column":16}},"loc":{"start":{"line":59,"column":16},"end":{"line":59,"column":null}},"line":59},"5":{"name":"(anonymous_5)","decl":{"start":{"line":60,"column":16},"end":{"line":60,"column":17}},"loc":{"start":{"line":60,"column":17},"end":{"line":60,"column":null}},"line":60},"6":{"name":"(anonymous_6)","decl":{"start":{"line":63,"column":14},"end":{"line":63,"column":20}},"loc":{"start":{"line":63,"column":14},"end":{"line":63,"column":null}},"line":63},"7":{"name":"(anonymous_7)","decl":{"start":{"line":64,"column":15},"end":{"line":64,"column":16}},"loc":{"start":{"line":64,"column":16},"end":{"line":65,"column":null}},"line":64},"8":{"name":"(anonymous_8)","decl":{"start":{"line":66,"column":15},"end":{"line":66,"column":16}},"loc":{"start":{"line":66,"column":28},"end":{"line":67,"column":null}},"line":66},"9":{"name":"(anonymous_9)","decl":{"start":{"line":68,"column":15},"end":{"line":68,"column":16}},"loc":{"start":{"line":68,"column":16},"end":{"line":68,"column":null}},"line":68},"10":{"name":"(anonymous_10)","decl":{"start":{"line":69,"column":19},"end":{"line":69,"column":20}},"loc":{"start":{"line":69,"column":37},"end":{"line":70,"column":null}},"line":69},"11":{"name":"(anonymous_11)","decl":{"start":{"line":71,"column":24},"end":{"line":71,"column":25}},"loc":{"start":{"line":71,"column":42},"end":{"line":72,"column":null}},"line":71},"12":{"name":"(anonymous_12)","decl":{"start":{"line":73,"column":18},"end":{"line":73,"column":19}},"loc":{"start":{"line":73,"column":36},"end":{"line":74,"column":null}},"line":73},"13":{"name":"(anonymous_13)","decl":{"start":{"line":75,"column":23},"end":{"line":75,"column":24}},"loc":{"start":{"line":75,"column":41},"end":{"line":76,"column":null}},"line":75},"14":{"name":"(anonymous_14)","decl":{"start":{"line":77,"column":18},"end":{"line":77,"column":19}},"loc":{"start":{"line":77,"column":19},"end":{"line":78,"column":null}},"line":77},"15":{"name":"(anonymous_15)","decl":{"start":{"line":80,"column":13},"end":{"line":80,"column":null}},"loc":{"start":{"line":86,"column":4},"end":{"line":88,"column":null}},"line":86},"16":{"name":"(anonymous_16)","decl":{"start":{"line":89,"column":17},"end":{"line":89,"column":23}},"loc":{"start":{"line":89,"column":17},"end":{"line":89,"column":null}},"line":89},"17":{"name":"(anonymous_17)","decl":{"start":{"line":90,"column":20},"end":{"line":90,"column":21}},"loc":{"start":{"line":90,"column":21},"end":{"line":91,"column":null}},"line":90},"18":{"name":"(anonymous_18)","decl":{"start":{"line":94,"column":16},"end":{"line":94,"column":22}},"loc":{"start":{"line":94,"column":16},"end":{"line":94,"column":null}},"line":94},"19":{"name":"(anonymous_19)","decl":{"start":{"line":95,"column":14},"end":{"line":95,"column":null}},"loc":{"start":{"line":99,"column":4},"end":{"line":100,"column":null}},"line":99},"20":{"name":"(anonymous_20)","decl":{"start":{"line":101,"column":22},"end":{"line":101,"column":23}},"loc":{"start":{"line":101,"column":42},"end":{"line":102,"column":null}},"line":101},"21":{"name":"(anonymous_21)","decl":{"start":{"line":103,"column":17},"end":{"line":103,"column":18}},"loc":{"start":{"line":103,"column":18},"end":{"line":103,"column":null}},"line":103},"22":{"name":"(anonymous_22)","decl":{"start":{"line":104,"column":17},"end":{"line":104,"column":18}},"loc":{"start":{"line":104,"column":30},"end":{"line":105,"column":null}},"line":104},"23":{"name":"(anonymous_23)","decl":{"start":{"line":108,"column":13},"end":{"line":108,"column":14}},"loc":{"start":{"line":108,"column":14},"end":{"line":108,"column":null}},"line":108},"24":{"name":"(anonymous_24)","decl":{"start":{"line":109,"column":14},"end":{"line":109,"column":15}},"loc":{"start":{"line":109,"column":15},"end":{"line":109,"column":null}},"line":109},"25":{"name":"(anonymous_25)","decl":{"start":{"line":110,"column":14},"end":{"line":110,"column":15}},"loc":{"start":{"line":110,"column":27},"end":{"line":111,"column":null}},"line":110},"26":{"name":"(anonymous_26)","decl":{"start":{"line":112,"column":14},"end":{"line":112,"column":15}},"loc":{"start":{"line":112,"column":15},"end":{"line":112,"column":null}},"line":112},"27":{"name":"(anonymous_27)","decl":{"start":{"line":113,"column":18},"end":{"line":113,"column":19}},"loc":{"start":{"line":113,"column":19},"end":{"line":114,"column":null}},"line":113},"28":{"name":"(anonymous_28)","decl":{"start":{"line":117,"column":12},"end":{"line":117,"column":13}},"loc":{"start":{"line":117,"column":50},"end":{"line":118,"column":null}},"line":117},"29":{"name":"(anonymous_29)","decl":{"start":{"line":119,"column":13},"end":{"line":119,"column":null}},"loc":{"start":{"line":123,"column":4},"end":{"line":124,"column":null}},"line":123},"30":{"name":"(anonymous_30)","decl":{"start":{"line":125,"column":13},"end":{"line":125,"column":14}},"loc":{"start":{"line":125,"column":57},"end":{"line":126,"column":null}},"line":125},"31":{"name":"(anonymous_31)","decl":{"start":{"line":127,"column":13},"end":{"line":127,"column":14}},"loc":{"start":{"line":127,"column":14},"end":{"line":127,"column":null}},"line":127},"32":{"name":"(anonymous_32)","decl":{"start":{"line":128,"column":13},"end":{"line":128,"column":14}},"loc":{"start":{"line":128,"column":52},"end":{"line":129,"column":null}},"line":128},"33":{"name":"(anonymous_33)","decl":{"start":{"line":130,"column":13},"end":{"line":130,"column":14}},"loc":{"start":{"line":130,"column":52},"end":{"line":131,"column":null}},"line":130},"34":{"name":"(anonymous_34)","decl":{"start":{"line":134,"column":16},"end":{"line":134,"column":22}},"loc":{"start":{"line":134,"column":16},"end":{"line":134,"column":null}},"line":134},"35":{"name":"(anonymous_35)","decl":{"start":{"line":135,"column":21},"end":{"line":135,"column":27}},"loc":{"start":{"line":135,"column":21},"end":{"line":135,"column":null}},"line":135},"36":{"name":"(anonymous_36)","decl":{"start":{"line":136,"column":21},"end":{"line":136,"column":22}},"loc":{"start":{"line":136,"column":22},"end":{"line":137,"column":null}},"line":136},"37":{"name":"(anonymous_37)","decl":{"start":{"line":138,"column":17},"end":{"line":138,"column":23}},"loc":{"start":{"line":138,"column":17},"end":{"line":138,"column":null}},"line":138},"38":{"name":"(anonymous_38)","decl":{"start":{"line":139,"column":25},"end":{"line":139,"column":26}},"loc":{"start":{"line":139,"column":38},"end":{"line":140,"column":null}},"line":139},"39":{"name":"(anonymous_39)","decl":{"start":{"line":141,"column":13},"end":{"line":141,"column":19}},"loc":{"start":{"line":141,"column":13},"end":{"line":141,"column":null}},"line":141},"40":{"name":"(anonymous_40)","decl":{"start":{"line":142,"column":19},"end":{"line":142,"column":20}},"loc":{"start":{"line":142,"column":20},"end":{"line":143,"column":null}},"line":142},"41":{"name":"(anonymous_41)","decl":{"start":{"line":144,"column":24},"end":{"line":144,"column":25}},"loc":{"start":{"line":144,"column":45},"end":{"line":148,"column":null}},"line":144},"42":{"name":"(anonymous_42)","decl":{"start":{"line":151,"column":31},"end":{"line":151,"column":null}},"loc":{"start":{"line":151,"column":31},"end":{"line":152,"column":null}},"line":151},"43":{"name":"(anonymous_43)","decl":{"start":{"line":153,"column":19},"end":{"line":153,"column":null}},"loc":{"start":{"line":153,"column":19},"end":{"line":154,"column":null}},"line":153},"44":{"name":"(anonymous_44)","decl":{"start":{"line":155,"column":19},"end":{"line":155,"column":20}},"loc":{"start":{"line":155,"column":33},"end":{"line":156,"column":null}},"line":155},"45":{"name":"(anonymous_45)","decl":{"start":{"line":157,"column":21},"end":{"line":157,"column":22}},"loc":{"start":{"line":157,"column":22},"end":{"line":158,"column":null}},"line":157},"46":{"name":"(anonymous_46)","decl":{"start":{"line":161,"column":17},"end":{"line":161,"column":23}},"loc":{"start":{"line":161,"column":17},"end":{"line":161,"column":null}},"line":161},"47":{"name":"(anonymous_47)","decl":{"start":{"line":162,"column":17},"end":{"line":162,"column":18}},"loc":{"start":{"line":162,"column":42},"end":{"line":163,"column":null}},"line":162},"48":{"name":"(anonymous_48)","decl":{"start":{"line":164,"column":15},"end":{"line":164,"column":null}},"loc":{"start":{"line":168,"column":4},"end":{"line":175,"column":null}},"line":168},"49":{"name":"(anonymous_49)","decl":{"start":{"line":178,"column":21},"end":{"line":178,"column":22}},"loc":{"start":{"line":178,"column":36},"end":{"line":179,"column":null}},"line":178},"50":{"name":"(anonymous_50)","decl":{"start":{"line":180,"column":19},"end":{"line":180,"column":20}},"loc":{"start":{"line":180,"column":20},"end":{"line":181,"column":null}},"line":180},"51":{"name":"(anonymous_51)","decl":{"start":{"line":184,"column":20},"end":{"line":184,"column":26}},"loc":{"start":{"line":184,"column":20},"end":{"line":184,"column":null}},"line":184},"52":{"name":"(anonymous_52)","decl":{"start":{"line":185,"column":22},"end":{"line":185,"column":23}},"loc":{"start":{"line":185,"column":40},"end":{"line":186,"column":null}},"line":185}},"branchMap":{"0":{"loc":{"start":{"line":147,"column":19},"end":{"line":147,"column":null}},"type":"binary-expr","locations":[{"start":{"line":147,"column":19},"end":{"line":147,"column":34}},{"start":{"line":147,"column":34},"end":{"line":147,"column":null}}],"line":147}},"s":{"0":2,"1":4,"2":1,"3":0,"4":1,"5":0,"6":0,"7":3,"8":1,"9":0,"10":1,"11":0,"12":0,"13":0,"14":0,"15":0,"16":1,"17":1,"18":2,"19":0,"20":0,"21":0,"22":0,"23":0,"24":0,"25":0,"26":0,"27":0,"28":0,"29":0,"30":0,"31":0,"32":0,"33":0,"34":0,"35":0,"36":2,"37":0,"38":0,"39":0,"40":0,"41":0,"42":0,"43":1,"44":0,"45":0,"46":0,"47":0,"48":0,"49":0,"50":0,"51":0,"52":3,"53":2},"f":{"0":4,"1":1,"2":0,"3":1,"4":0,"5":0,"6":3,"7":1,"8":0,"9":1,"10":0,"11":0,"12":0,"13":0,"14":0,"15":1,"16":1,"17":2,"18":0,"19":0,"20":0,"21":0,"22":0,"23":0,"24":0,"25":0,"26":0,"27":0,"28":0,"29":0,"30":0,"31":0,"32":0,"33":0,"34":0,"35":2,"36":0,"37":0,"38":0,"39":0,"40":0,"41":0,"42":1,"43":0,"44":0,"45":0,"46":0,"47":0,"48":0,"49":0,"50":0,"51":3,"52":2},"b":{"0":[0,0]},"meta":{"lastBranch":1,"lastFunction":53,"lastStatement":54,"seen":{"s:49:19:187:Infinity":0,"f:51:14:51:15":0,"s:51:36:52:Infinity":1,"f:53:16:53:17":1,"s:53:33:54:Infinity":2,"f:55:22:55:23":2,"s:55:39:56:Infinity":3,"f:57:18:57:19":3,"s:57:19:58:Infinity":4,"f:59:15:59:16":4,"s:59:16:59:Infinity":5,"f:60:16:60:17":5,"s:60:17:60:Infinity":6,"f:63:14:63:20":6,"s:63:14:63:Infinity":7,"f:64:15:64:16":7,"s:64:16:65:Infinity":8,"f:66:15:66:16":8,"s:66:28:67:Infinity":9,"f:68:15:68:16":9,"s:68:16:68:Infinity":10,"f:69:19:69:20":10,"s:69:37:70:Infinity":11,"f:71:24:71:25":11,"s:71:42:72:Infinity":12,"f:73:18:73:19":12,"s:73:36:74:Infinity":13,"f:75:23:75:24":13,"s:75:41:76:Infinity":14,"f:77:18:77:19":14,"s:77:19:78:Infinity":15,"f:80:13:80:Infinity":15,"s:86:4:88:Infinity":16,"f:89:17:89:23":16,"s:89:17:89:Infinity":17,"f:90:20:90:21":17,"s:90:21:91:Infinity":18,"f:94:16:94:22":18,"s:94:16:94:Infinity":19,"f:95:14:95:Infinity":19,"s:99:4:100:Infinity":20,"f:101:22:101:23":20,"s:101:42:102:Infinity":21,"f:103:17:103:18":21,"s:103:18:103:Infinity":22,"f:104:17:104:18":22,"s:104:30:105:Infinity":23,"f:108:13:108:14":23,"s:108:14:108:Infinity":24,"f:109:14:109:15":24,"s:109:15:109:Infinity":25,"f:110:14:110:15":25,"s:110:27:111:Infinity":26,"f:112:14:112:15":26,"s:112:15:112:Infinity":27,"f:113:18:113:19":27,"s:113:19:114:Infinity":28,"f:117:12:117:13":28,"s:117:50:118:Infinity":29,"f:119:13:119:Infinity":29,"s:123:4:124:Infinity":30,"f:125:13:125:14":30,"s:125:57:126:Infinity":31,"f:127:13:127:14":31,"s:127:14:127:Infinity":32,"f:128:13:128:14":32,"s:128:52:129:Infinity":33,"f:130:13:130:14":33,"s:130:52:131:Infinity":34,"f:134:16:134:22":34,"s:134:16:134:Infinity":35,"f:135:21:135:27":35,"s:135:21:135:Infinity":36,"f:136:21:136:22":36,"s:136:22:137:Infinity":37,"f:138:17:138:23":37,"s:138:17:138:Infinity":38,"f:139:25:139:26":38,"s:139:38:140:Infinity":39,"f:141:13:141:19":39,"s:141:13:141:Infinity":40,"f:142:19:142:20":40,"s:142:20:143:Infinity":41,"f:144:24:144:25":41,"s:144:45:148:Infinity":42,"b:147:19:147:34:147:34:147:Infinity":0,"f:151:31:151:Infinity":42,"s:151:31:152:Infinity":43,"f:153:19:153:Infinity":43,"s:153:19:154:Infinity":44,"f:155:19:155:20":44,"s:155:33:156:Infinity":45,"f:157:21:157:22":45,"s:157:22:158:Infinity":46,"f:161:17:161:23":46,"s:161:17:161:Infinity":47,"f:162:17:162:18":47,"s:162:42:163:Infinity":48,"f:164:15:164:Infinity":48,"s:168:4:175:Infinity":49,"f:178:21:178:22":49,"s:178:36:179:Infinity":50,"f:180:19:180:20":50,"s:180:20:181:Infinity":51,"f:184:20:184:26":51,"s:184:20:184:Infinity":52,"f:185:22:185:23":52,"s:185:40:186:Infinity":53},"fnNames":{}}}
,"/Users/webb/dev/workspace_private/SkillForge/src/lib/utils.ts": {"path":"/Users/webb/dev/workspace_private/SkillForge/src/lib/utils.ts","statementMap":{"0":{"start":{"line":5,"column":2},"end":{"line":5,"column":null}},"1":{"start":{"line":9,"column":2},"end":{"line":9,"column":null}},"2":{"start":{"line":9,"column":17},"end":{"line":9,"column":null}},"3":{"start":{"line":10,"column":2},"end":{"line":10,"column":null}},"4":{"start":{"line":14,"column":15},"end":{"line":14,"column":null}},"5":{"start":{"line":15,"column":14},"end":{"line":15,"column":null}},"6":{"start":{"line":16,"column":15},"end":{"line":16,"column":null}},"7":{"start":{"line":17,"column":18},"end":{"line":17,"column":null}},"8":{"start":{"line":18,"column":16},"end":{"line":18,"column":null}},"9":{"start":{"line":19,"column":15},"end":{"line":19,"column":null}},"10":{"start":{"line":21,"column":2},"end":{"line":21,"column":null}},"11":{"start":{"line":21,"column":19},"end":{"line":21,"column":null}},"12":{"start":{"line":22,"column":2},"end":{"line":22,"column":null}},"13":{"start":{"line":22,"column":20},"end":{"line":22,"column":null}},"14":{"start":{"line":23,"column":2},"end":{"line":23,"column":null}},"15":{"start":{"line":23,"column":18},"end":{"line":23,"column":null}},"16":{"start":{"line":24,"column":2},"end":{"line":24,"column":null}},"17":{"start":{"line":24,"column":16},"end":{"line":24,"column":null}},"18":{"start":{"line":26,"column":2},"end":{"line":30,"column":null}}},"fnMap":{"0":{"name":"cn","decl":{"start":{"line":4,"column":16},"end":{"line":4,"column":22}},"loc":{"start":{"line":4,"column":44},"end":{"line":6,"column":null}},"line":4},"1":{"name":"sanitizePath","decl":{"start":{"line":8,"column":16},"end":{"line":8,"column":29}},"loc":{"start":{"line":8,"column":55},"end":{"line":11,"column":null}},"line":8},"2":{"name":"formatDate","decl":{"start":{"line":13,"column":16},"end":{"line":13,"column":27}},"loc":{"start":{"line":13,"column":52},"end":{"line":31,"column":null}},"line":13}},"branchMap":{"0":{"loc":{"start":{"line":9,"column":2},"end":{"line":9,"column":null}},"type":"if","locations":[{"start":{"line":9,"column":2},"end":{"line":9,"column":null}},{"start":{},"end":{}}],"line":9},"1":{"loc":{"start":{"line":21,"column":2},"end":{"line":21,"column":null}},"type":"if","locations":[{"start":{"line":21,"column":2},"end":{"line":21,"column":null}},{"start":{},"end":{}}],"line":21},"2":{"loc":{"start":{"line":22,"column":2},"end":{"line":22,"column":null}},"type":"if","locations":[{"start":{"line":22,"column":2},"end":{"line":22,"column":null}},{"start":{},"end":{}}],"line":22},"3":{"loc":{"start":{"line":23,"column":2},"end":{"line":23,"column":null}},"type":"if","locations":[{"start":{"line":23,"column":2},"end":{"line":23,"column":null}},{"start":{},"end":{}}],"line":23},"4":{"loc":{"start":{"line":24,"column":2},"end":{"line":24,"column":null}},"type":"if","locations":[{"start":{"line":24,"column":2},"end":{"line":24,"column":null}},{"start":{},"end":{}}],"line":24}},"s":{"0":5,"1":0,"2":0,"3":0,"4":0,"5":0,"6":0,"7":0,"8":0,"9":0,"10":0,"11":0,"12":0,"13":0,"14":0,"15":0,"16":0,"17":0,"18":0},"f":{"0":5,"1":0,"2":0},"b":{"0":[0,0],"1":[0,0],"2":[0,0],"3":[0,0],"4":[0,0]},"meta":{"lastBranch":5,"lastFunction":3,"lastStatement":19,"seen":{"f:4:16:4:22":0,"s:5:2:5:Infinity":0,"f:8:16:8:29":1,"b:9:2:9:Infinity:undefined:undefined:undefined:undefined":0,"s:9:2:9:Infinity":1,"s:9:17:9:Infinity":2,"s:10:2:10:Infinity":3,"f:13:16:13:27":2,"s:14:15:14:Infinity":4,"s:15:14:15:Infinity":5,"s:16:15:16:Infinity":6,"s:17:18:17:Infinity":7,"s:18:16:18:Infinity":8,"s:19:15:19:Infinity":9,"b:21:2:21:Infinity:undefined:undefined:undefined:undefined":1,"s:21:2:21:Infinity":10,"s:21:19:21:Infinity":11,"b:22:2:22:Infinity:undefined:undefined:undefined:undefined":2,"s:22:2:22:Infinity":12,"s:22:20:22:Infinity":13,"b:23:2:23:Infinity:undefined:undefined:undefined:undefined":3,"s:23:2:23:Infinity":14,"s:23:18:23:Infinity":15,"b:24:2:24:Infinity:undefined:undefined:undefined:undefined":4,"s:24:2:24:Infinity":16,"s:24:16:24:Infinity":17,"s:26:2:30:Infinity":18},"fnNames":{}}}
,"/Users/webb/dev/workspace_private/SkillForge/src/stores/appStore.ts": {"path":"/Users/webb/dev/workspace_private/SkillForge/src/stores/appStore.ts","statementMap":{"0":{"start":{"line":184,"column":13},"end":{"line":706,"column":null}},"1":{"start":{"line":184,"column":59},"end":{"line":706,"column":2}},"2":{"start":{"line":214,"column":41},"end":{"line":214,"column":null}},"3":{"start":{"line":217,"column":43},"end":{"line":217,"column":null}},"4":{"start":{"line":218,"column":42},"end":{"line":218,"column":null}},"5":{"start":{"line":222,"column":15},"end":{"line":222,"column":null}},"6":{"start":{"line":223,"column":4},"end":{"line":223,"column":null}},"7":{"start":{"line":223,"column":20},"end":{"line":223,"column":73}},"8":{"start":{"line":224,"column":4},"end":{"line":226,"column":null}},"9":{"start":{"line":225,"column":6},"end":{"line":225,"column":null}},"10":{"start":{"line":225,"column":22},"end":{"line":225,"column":74}},"11":{"start":{"line":225,"column":59},"end":{"line":225,"column":70}},"12":{"start":{"line":229,"column":4},"end":{"line":229,"column":null}},"13":{"start":{"line":229,"column":20},"end":{"line":229,"column":72}},"14":{"start":{"line":229,"column":57},"end":{"line":229,"column":68}},"15":{"start":{"line":233,"column":25},"end":{"line":233,"column":null}},"16":{"start":{"line":235,"column":4},"end":{"line":235,"column":null}},"17":{"start":{"line":235,"column":20},"end":{"line":235,"column":66}},"18":{"start":{"line":238,"column":29},"end":{"line":238,"column":null}},"19":{"start":{"line":239,"column":26},"end":{"line":239,"column":null}},"20":{"start":{"line":243,"column":4},"end":{"line":243,"column":null}},"21":{"start":{"line":244,"column":4},"end":{"line":251,"column":null}},"22":{"start":{"line":245,"column":21},"end":{"line":245,"column":null}},"23":{"start":{"line":246,"column":6},"end":{"line":246,"column":null}},"24":{"start":{"line":248,"column":21},"end":{"line":248,"column":null}},"25":{"start":{"line":249,"column":6},"end":{"line":249,"column":null}},"26":{"start":{"line":250,"column":6},"end":{"line":250,"column":null}},"27":{"start":{"line":253,"column":26},"end":{"line":253,"column":null}},"28":{"start":{"line":256,"column":46},"end":{"line":259,"column":null}},"29":{"start":{"line":260,"column":26},"end":{"line":260,"column":null}},"30":{"start":{"line":261,"column":4},"end":{"line":272,"column":null}},"31":{"start":{"line":262,"column":6},"end":{"line":262,"column":null}},"32":{"start":{"line":263,"column":6},"end":{"line":263,"column":null}},"33":{"start":{"line":264,"column":6},"end":{"line":266,"column":null}},"34":{"start":{"line":265,"column":8},"end":{"line":265,"column":null}},"35":{"start":{"line":268,"column":21},"end":{"line":268,"column":null}},"36":{"start":{"line":269,"column":6},"end":{"line":271,"column":null}},"37":{"start":{"line":270,"column":8},"end":{"line":270,"column":null}},"38":{"start":{"line":275,"column":4},"end":{"line":286,"column":null}},"39":{"start":{"line":276,"column":6},"end":{"line":276,"column":null}},"40":{"start":{"line":277,"column":32},"end":{"line":277,"column":null}},"41":{"start":{"line":278,"column":6},"end":{"line":280,"column":null}},"42":{"start":{"line":279,"column":8},"end":{"line":279,"column":null}},"43":{"start":{"line":281,"column":6},"end":{"line":281,"column":null}},"44":{"start":{"line":282,"column":6},"end":{"line":282,"column":null}},"45":{"start":{"line":284,"column":21},"end":{"line":284,"column":null}},"46":{"start":{"line":285,"column":6},"end":{"line":285,"column":null}},"47":{"start":{"line":289,"column":4},"end":{"line":296,"column":null}},"48":{"start":{"line":290,"column":6},"end":{"line":290,"column":null}},"49":{"start":{"line":291,"column":6},"end":{"line":291,"column":null}},"50":{"start":{"line":292,"column":6},"end":{"line":292,"column":null}},"51":{"start":{"line":294,"column":21},"end":{"line":294,"column":null}},"52":{"start":{"line":295,"column":6},"end":{"line":295,"column":null}},"53":{"start":{"line":301,"column":4},"end":{"line":301,"column":null}},"54":{"start":{"line":302,"column":4},"end":{"line":309,"column":null}},"55":{"start":{"line":303,"column":20},"end":{"line":303,"column":null}},"56":{"start":{"line":304,"column":6},"end":{"line":304,"column":null}},"57":{"start":{"line":306,"column":21},"end":{"line":306,"column":null}},"58":{"start":{"line":307,"column":6},"end":{"line":307,"column":null}},"59":{"start":{"line":308,"column":6},"end":{"line":308,"column":null}},"60":{"start":{"line":311,"column":28},"end":{"line":311,"column":null}},"61":{"start":{"line":313,"column":4},"end":{"line":322,"column":null}},"62":{"start":{"line":314,"column":6},"end":{"line":314,"column":null}},"63":{"start":{"line":315,"column":6},"end":{"line":315,"column":null}},"64":{"start":{"line":316,"column":6},"end":{"line":318,"column":null}},"65":{"start":{"line":317,"column":8},"end":{"line":317,"column":null}},"66":{"start":{"line":320,"column":21},"end":{"line":320,"column":null}},"67":{"start":{"line":321,"column":6},"end":{"line":321,"column":null}},"68":{"start":{"line":325,"column":4},"end":{"line":332,"column":null}},"69":{"start":{"line":326,"column":6},"end":{"line":326,"column":null}},"70":{"start":{"line":327,"column":6},"end":{"line":327,"column":null}},"71":{"start":{"line":328,"column":6},"end":{"line":328,"column":null}},"72":{"start":{"line":330,"column":21},"end":{"line":330,"column":null}},"73":{"start":{"line":331,"column":6},"end":{"line":331,"column":null}},"74":{"start":{"line":335,"column":4},"end":{"line":347,"column":null}},"75":{"start":{"line":336,"column":6},"end":{"line":336,"column":null}},"76":{"start":{"line":337,"column":30},"end":{"line":337,"column":null}},"77":{"start":{"line":338,"column":6},"end":{"line":340,"column":null}},"78":{"start":{"line":339,"column":8},"end":{"line":339,"column":null}},"79":{"start":{"line":341,"column":6},"end":{"line":341,"column":null}},"80":{"start":{"line":342,"column":6},"end":{"line":342,"column":null}},"81":{"start":{"line":343,"column":6},"end":{"line":343,"column":null}},"82":{"start":{"line":345,"column":21},"end":{"line":345,"column":null}},"83":{"start":{"line":346,"column":6},"end":{"line":346,"column":null}},"84":{"start":{"line":352,"column":4},"end":{"line":358,"column":null}},"85":{"start":{"line":353,"column":19},"end":{"line":353,"column":null}},"86":{"start":{"line":354,"column":6},"end":{"line":354,"column":null}},"87":{"start":{"line":356,"column":21},"end":{"line":356,"column":null}},"88":{"start":{"line":357,"column":6},"end":{"line":357,"column":null}},"89":{"start":{"line":361,"column":4},"end":{"line":374,"column":null}},"90":{"start":{"line":362,"column":21},"end":{"line":367,"column":null}},"91":{"start":{"line":368,"column":6},"end":{"line":368,"column":null}},"92":{"start":{"line":369,"column":6},"end":{"line":369,"column":null}},"93":{"start":{"line":370,"column":6},"end":{"line":370,"column":null}},"94":{"start":{"line":372,"column":21},"end":{"line":372,"column":null}},"95":{"start":{"line":373,"column":6},"end":{"line":373,"column":null}},"96":{"start":{"line":377,"column":4},"end":{"line":386,"column":null}},"97":{"start":{"line":378,"column":6},"end":{"line":378,"column":null}},"98":{"start":{"line":380,"column":18},"end":{"line":380,"column":null}},"99":{"start":{"line":380,"column":41},"end":{"line":380,"column":52}},"100":{"start":{"line":381,"column":6},"end":{"line":381,"column":null}},"101":{"start":{"line":382,"column":6},"end":{"line":382,"column":null}},"102":{"start":{"line":384,"column":21},"end":{"line":384,"column":null}},"103":{"start":{"line":385,"column":6},"end":{"line":385,"column":null}},"104":{"start":{"line":389,"column":4},"end":{"line":398,"column":null}},"105":{"start":{"line":390,"column":18},"end":{"line":390,"column":null}},"106":{"start":{"line":390,"column":41},"end":{"line":390,"column":52}},"107":{"start":{"line":391,"column":22},"end":{"line":391,"column":null}},"108":{"start":{"line":392,"column":6},"end":{"line":392,"column":null}},"109":{"start":{"line":393,"column":6},"end":{"line":393,"column":null}},"110":{"start":{"line":394,"column":6},"end":{"line":394,"column":null}},"111":{"start":{"line":396,"column":21},"end":{"line":396,"column":null}},"112":{"start":{"line":397,"column":6},"end":{"line":397,"column":null}},"113":{"start":{"line":401,"column":4},"end":{"line":407,"column":null}},"114":{"start":{"line":402,"column":6},"end":{"line":402,"column":null}},"115":{"start":{"line":403,"column":6},"end":{"line":403,"column":null}},"116":{"start":{"line":405,"column":21},"end":{"line":405,"column":null}},"117":{"start":{"line":406,"column":6},"end":{"line":406,"column":null}},"118":{"start":{"line":410,"column":4},"end":{"line":416,"column":null}},"119":{"start":{"line":411,"column":6},"end":{"line":411,"column":null}},"120":{"start":{"line":412,"column":6},"end":{"line":412,"column":null}},"121":{"start":{"line":414,"column":21},"end":{"line":414,"column":null}},"122":{"start":{"line":415,"column":6},"end":{"line":415,"column":null}},"123":{"start":{"line":421,"column":4},"end":{"line":427,"column":null}},"124":{"start":{"line":422,"column":21},"end":{"line":422,"column":null}},"125":{"start":{"line":423,"column":6},"end":{"line":423,"column":null}},"126":{"start":{"line":425,"column":21},"end":{"line":425,"column":null}},"127":{"start":{"line":426,"column":6},"end":{"line":426,"column":null}},"128":{"start":{"line":430,"column":4},"end":{"line":430,"column":null}},"129":{"start":{"line":432,"column":4},"end":{"line":439,"column":null}},"130":{"start":{"line":433,"column":6},"end":{"line":433,"column":null}},"131":{"start":{"line":434,"column":6},"end":{"line":434,"column":null}},"132":{"start":{"line":435,"column":6},"end":{"line":435,"column":null}},"133":{"start":{"line":437,"column":21},"end":{"line":437,"column":null}},"134":{"start":{"line":438,"column":6},"end":{"line":438,"column":null}},"135":{"start":{"line":442,"column":4},"end":{"line":449,"column":null}},"136":{"start":{"line":443,"column":6},"end":{"line":443,"column":null}},"137":{"start":{"line":444,"column":6},"end":{"line":444,"column":null}},"138":{"start":{"line":445,"column":6},"end":{"line":445,"column":null}},"139":{"start":{"line":447,"column":21},"end":{"line":447,"column":null}},"140":{"start":{"line":448,"column":6},"end":{"line":448,"column":null}},"141":{"start":{"line":452,"column":4},"end":{"line":463,"column":null}},"142":{"start":{"line":453,"column":6},"end":{"line":453,"column":null}},"143":{"start":{"line":454,"column":31},"end":{"line":454,"column":null}},"144":{"start":{"line":455,"column":6},"end":{"line":457,"column":null}},"145":{"start":{"line":456,"column":8},"end":{"line":456,"column":null}},"146":{"start":{"line":458,"column":6},"end":{"line":458,"column":null}},"147":{"start":{"line":459,"column":6},"end":{"line":459,"column":null}},"148":{"start":{"line":461,"column":21},"end":{"line":461,"column":null}},"149":{"start":{"line":462,"column":6},"end":{"line":462,"column":null}},"150":{"start":{"line":466,"column":4},"end":{"line":472,"column":null}},"151":{"start":{"line":467,"column":21},"end":{"line":467,"column":null}},"152":{"start":{"line":468,"column":6},"end":{"line":468,"column":null}},"153":{"start":{"line":470,"column":21},"end":{"line":470,"column":null}},"154":{"start":{"line":471,"column":6},"end":{"line":471,"column":null}},"155":{"start":{"line":475,"column":4},"end":{"line":482,"column":null}},"156":{"start":{"line":476,"column":6},"end":{"line":476,"column":null}},"157":{"start":{"line":477,"column":6},"end":{"line":477,"column":null}},"158":{"start":{"line":478,"column":6},"end":{"line":478,"column":null}},"159":{"start":{"line":480,"column":21},"end":{"line":480,"column":null}},"160":{"start":{"line":481,"column":6},"end":{"line":481,"column":null}},"161":{"start":{"line":485,"column":4},"end":{"line":492,"column":null}},"162":{"start":{"line":486,"column":6},"end":{"line":486,"column":null}},"163":{"start":{"line":487,"column":6},"end":{"line":487,"column":null}},"164":{"start":{"line":488,"column":6},"end":{"line":488,"column":null}},"165":{"start":{"line":490,"column":21},"end":{"line":490,"column":null}},"166":{"start":{"line":491,"column":6},"end":{"line":491,"column":null}},"167":{"start":{"line":495,"column":4},"end":{"line":502,"column":null}},"168":{"start":{"line":496,"column":6},"end":{"line":496,"column":null}},"169":{"start":{"line":497,"column":6},"end":{"line":497,"column":null}},"170":{"start":{"line":498,"column":6},"end":{"line":498,"column":null}},"171":{"start":{"line":500,"column":21},"end":{"line":500,"column":null}},"172":{"start":{"line":501,"column":6},"end":{"line":501,"column":null}},"173":{"start":{"line":505,"column":4},"end":{"line":512,"column":null}},"174":{"start":{"line":506,"column":6},"end":{"line":506,"column":null}},"175":{"start":{"line":507,"column":6},"end":{"line":507,"column":null}},"176":{"start":{"line":508,"column":6},"end":{"line":508,"column":null}},"177":{"start":{"line":510,"column":21},"end":{"line":510,"column":null}},"178":{"start":{"line":511,"column":6},"end":{"line":511,"column":null}},"179":{"start":{"line":516,"column":4},"end":{"line":522,"column":null}},"180":{"start":{"line":517,"column":23},"end":{"line":517,"column":null}},"181":{"start":{"line":518,"column":6},"end":{"line":518,"column":null}},"182":{"start":{"line":520,"column":21},"end":{"line":520,"column":null}},"183":{"start":{"line":521,"column":6},"end":{"line":521,"column":null}},"184":{"start":{"line":525,"column":4},"end":{"line":532,"column":null}},"185":{"start":{"line":526,"column":6},"end":{"line":526,"column":null}},"186":{"start":{"line":527,"column":6},"end":{"line":527,"column":null}},"187":{"start":{"line":528,"column":6},"end":{"line":528,"column":null}},"188":{"start":{"line":530,"column":21},"end":{"line":530,"column":null}},"189":{"start":{"line":531,"column":6},"end":{"line":531,"column":null}},"190":{"start":{"line":535,"column":4},"end":{"line":542,"column":null}},"191":{"start":{"line":536,"column":6},"end":{"line":536,"column":null}},"192":{"start":{"line":537,"column":6},"end":{"line":537,"column":null}},"193":{"start":{"line":538,"column":6},"end":{"line":538,"column":null}},"194":{"start":{"line":540,"column":21},"end":{"line":540,"column":null}},"195":{"start":{"line":541,"column":6},"end":{"line":541,"column":null}},"196":{"start":{"line":545,"column":4},"end":{"line":552,"column":null}},"197":{"start":{"line":546,"column":6},"end":{"line":546,"column":null}},"198":{"start":{"line":547,"column":6},"end":{"line":547,"column":null}},"199":{"start":{"line":548,"column":6},"end":{"line":548,"column":null}},"200":{"start":{"line":550,"column":21},"end":{"line":550,"column":null}},"201":{"start":{"line":551,"column":6},"end":{"line":551,"column":null}},"202":{"start":{"line":557,"column":4},"end":{"line":563,"column":null}},"203":{"start":{"line":558,"column":24},"end":{"line":558,"column":null}},"204":{"start":{"line":559,"column":6},"end":{"line":559,"column":null}},"205":{"start":{"line":561,"column":21},"end":{"line":561,"column":null}},"206":{"start":{"line":562,"column":6},"end":{"line":562,"column":null}},"207":{"start":{"line":568,"column":4},"end":{"line":574,"column":null}},"208":{"start":{"line":569,"column":28},"end":{"line":569,"column":null}},"209":{"start":{"line":570,"column":6},"end":{"line":570,"column":null}},"210":{"start":{"line":572,"column":21},"end":{"line":572,"column":null}},"211":{"start":{"line":573,"column":6},"end":{"line":573,"column":null}},"212":{"start":{"line":577,"column":4},"end":{"line":605,"column":null}},"213":{"start":{"line":579,"column":6},"end":{"line":589,"column":null}},"214":{"start":{"line":580,"column":8},"end":{"line":588,"column":null}},"215":{"start":{"line":581,"column":10},"end":{"line":587,"column":null}},"216":{"start":{"line":582,"column":24},"end":{"line":582,"column":null}},"217":{"start":{"line":583,"column":12},"end":{"line":586,"column":null}},"218":{"start":{"line":584,"column":24},"end":{"line":584,"column":null}},"219":{"start":{"line":584,"column":53},"end":{"line":584,"column":66}},"220":{"start":{"line":585,"column":14},"end":{"line":585,"column":null}},"221":{"start":{"line":591,"column":21},"end":{"line":591,"column":null}},"222":{"start":{"line":592,"column":6},"end":{"line":592,"column":null}},"223":{"start":{"line":593,"column":6},"end":{"line":593,"column":null}},"224":{"start":{"line":594,"column":6},"end":{"line":594,"column":null}},"225":{"start":{"line":595,"column":6},"end":{"line":599,"column":null}},"226":{"start":{"line":596,"column":8},"end":{"line":596,"column":null}},"227":{"start":{"line":598,"column":8},"end":{"line":598,"column":null}},"228":{"start":{"line":600,"column":6},"end":{"line":600,"column":null}},"229":{"start":{"line":602,"column":21},"end":{"line":602,"column":null}},"230":{"start":{"line":603,"column":6},"end":{"line":603,"column":null}},"231":{"start":{"line":604,"column":6},"end":{"line":604,"column":null}},"232":{"start":{"line":608,"column":4},"end":{"line":614,"column":null}},"233":{"start":{"line":609,"column":25},"end":{"line":609,"column":null}},"234":{"start":{"line":610,"column":6},"end":{"line":610,"column":null}},"235":{"start":{"line":612,"column":21},"end":{"line":612,"column":null}},"236":{"start":{"line":613,"column":6},"end":{"line":613,"column":null}},"237":{"start":{"line":619,"column":4},"end":{"line":625,"column":null}},"238":{"start":{"line":620,"column":20},"end":{"line":620,"column":null}},"239":{"start":{"line":621,"column":6},"end":{"line":621,"column":null}},"240":{"start":{"line":623,"column":21},"end":{"line":623,"column":null}},"241":{"start":{"line":624,"column":6},"end":{"line":624,"column":null}},"242":{"start":{"line":628,"column":4},"end":{"line":634,"column":null}},"243":{"start":{"line":629,"column":23},"end":{"line":629,"column":null}},"244":{"start":{"line":630,"column":6},"end":{"line":630,"column":null}},"245":{"start":{"line":632,"column":21},"end":{"line":632,"column":null}},"246":{"start":{"line":633,"column":6},"end":{"line":633,"column":null}},"247":{"start":{"line":637,"column":4},"end":{"line":643,"column":null}},"248":{"start":{"line":638,"column":21},"end":{"line":638,"column":null}},"249":{"start":{"line":639,"column":6},"end":{"line":639,"column":null}},"250":{"start":{"line":641,"column":21},"end":{"line":641,"column":null}},"251":{"start":{"line":642,"column":6},"end":{"line":642,"column":null}},"252":{"start":{"line":646,"column":4},"end":{"line":652,"column":null}},"253":{"start":{"line":647,"column":6},"end":{"line":647,"column":null}},"254":{"start":{"line":649,"column":21},"end":{"line":649,"column":null}},"255":{"start":{"line":650,"column":6},"end":{"line":650,"column":null}},"256":{"start":{"line":651,"column":6},"end":{"line":651,"column":null}},"257":{"start":{"line":659,"column":4},"end":{"line":678,"column":null}},"258":{"start":{"line":660,"column":22},"end":{"line":665,"column":null}},"259":{"start":{"line":666,"column":6},"end":{"line":666,"column":null}},"260":{"start":{"line":666,"column":45},"end":{"line":666,"column":null}},"261":{"start":{"line":667,"column":6},"end":{"line":675,"column":null}},"262":{"start":{"line":668,"column":8},"end":{"line":674,"column":null}},"263":{"start":{"line":671,"column":12},"end":{"line":671,"column":null}},"264":{"start":{"line":672,"column":12},"end":{"line":672,"column":null}},"265":{"start":{"line":677,"column":6},"end":{"line":677,"column":null}},"266":{"start":{"line":682,"column":4},"end":{"line":704,"column":null}},"267":{"start":{"line":683,"column":21},"end":{"line":683,"column":null}},"268":{"start":{"line":684,"column":6},"end":{"line":684,"column":null}},"269":{"start":{"line":685,"column":6},"end":{"line":685,"column":null}},"270":{"start":{"line":686,"column":6},"end":{"line":686,"column":null}},"271":{"start":{"line":687,"column":6},"end":{"line":687,"column":null}},"272":{"start":{"line":688,"column":28},"end":{"line":688,"column":null}},"273":{"start":{"line":689,"column":27},"end":{"line":689,"column":null}},"274":{"start":{"line":690,"column":20},"end":{"line":690,"column":null}},"275":{"start":{"line":692,"column":8},"end":{"line":694,"column":null}},"276":{"start":{"line":695,"column":6},"end":{"line":698,"column":null}},"277":{"start":{"line":699,"column":6},"end":{"line":699,"column":null}},"278":{"start":{"line":701,"column":21},"end":{"line":701,"column":null}},"279":{"start":{"line":702,"column":6},"end":{"line":702,"column":null}},"280":{"start":{"line":703,"column":6},"end":{"line":703,"column":null}}},"fnMap":{"0":{"name":"(anonymous_0)","decl":{"start":{"line":184,"column":44},"end":{"line":184,"column":45}},"loc":{"start":{"line":184,"column":59},"end":{"line":706,"column":2}},"line":184},"1":{"name":"(anonymous_1)","decl":{"start":{"line":214,"column":33},"end":{"line":214,"column":34}},"loc":{"start":{"line":214,"column":41},"end":{"line":214,"column":null}},"line":214},"2":{"name":"(anonymous_2)","decl":{"start":{"line":217,"column":35},"end":{"line":217,"column":36}},"loc":{"start":{"line":217,"column":43},"end":{"line":217,"column":null}},"line":217},"3":{"name":"(anonymous_3)","decl":{"start":{"line":218,"column":34},"end":{"line":218,"column":35}},"loc":{"start":{"line":218,"column":42},"end":{"line":218,"column":null}},"line":218},"4":{"name":"(anonymous_4)","decl":{"start":{"line":221,"column":12},"end":{"line":221,"column":13}},"loc":{"start":{"line":221,"column":31},"end":{"line":227,"column":null}},"line":221},"5":{"name":"(anonymous_5)","decl":{"start":{"line":223,"column":8},"end":{"line":223,"column":9}},"loc":{"start":{"line":223,"column":20},"end":{"line":223,"column":73}},"line":223},"6":{"name":"(anonymous_6)","decl":{"start":{"line":224,"column":15},"end":{"line":224,"column":21}},"loc":{"start":{"line":224,"column":21},"end":{"line":226,"column":7}},"line":224},"7":{"name":"(anonymous_7)","decl":{"start":{"line":225,"column":10},"end":{"line":225,"column":11}},"loc":{"start":{"line":225,"column":22},"end":{"line":225,"column":74}},"line":225},"8":{"name":"(anonymous_8)","decl":{"start":{"line":225,"column":52},"end":{"line":225,"column":53}},"loc":{"start":{"line":225,"column":59},"end":{"line":225,"column":70}},"line":225},"9":{"name":"(anonymous_9)","decl":{"start":{"line":228,"column":15},"end":{"line":228,"column":16}},"loc":{"start":{"line":228,"column":23},"end":{"line":230,"column":null}},"line":228},"10":{"name":"(anonymous_10)","decl":{"start":{"line":229,"column":8},"end":{"line":229,"column":9}},"loc":{"start":{"line":229,"column":20},"end":{"line":229,"column":72}},"line":229},"11":{"name":"(anonymous_11)","decl":{"start":{"line":229,"column":50},"end":{"line":229,"column":51}},"loc":{"start":{"line":229,"column":57},"end":{"line":229,"column":68}},"line":229},"12":{"name":"(anonymous_12)","decl":{"start":{"line":233,"column":16},"end":{"line":233,"column":17}},"loc":{"start":{"line":233,"column":25},"end":{"line":233,"column":null}},"line":233},"13":{"name":"(anonymous_13)","decl":{"start":{"line":234,"column":17},"end":{"line":234,"column":null}},"loc":{"start":{"line":235,"column":4},"end":{"line":235,"column":null}},"line":235},"14":{"name":"(anonymous_14)","decl":{"start":{"line":235,"column":8},"end":{"line":235,"column":9}},"loc":{"start":{"line":235,"column":20},"end":{"line":235,"column":66}},"line":235},"15":{"name":"(anonymous_15)","decl":{"start":{"line":238,"column":18},"end":{"line":238,"column":19}},"loc":{"start":{"line":238,"column":29},"end":{"line":238,"column":null}},"line":238},"16":{"name":"(anonymous_16)","decl":{"start":{"line":239,"column":16},"end":{"line":239,"column":17}},"loc":{"start":{"line":239,"column":26},"end":{"line":239,"column":null}},"line":239},"17":{"name":"(anonymous_17)","decl":{"start":{"line":242,"column":15},"end":{"line":242,"column":27}},"loc":{"start":{"line":242,"column":27},"end":{"line":252,"column":null}},"line":242},"18":{"name":"(anonymous_18)","decl":{"start":{"line":253,"column":15},"end":{"line":253,"column":16}},"loc":{"start":{"line":253,"column":26},"end":{"line":253,"column":null}},"line":253},"19":{"name":"(anonymous_19)","decl":{"start":{"line":254,"column":16},"end":{"line":254,"column":23}},"loc":{"start":{"line":254,"column":67},"end":{"line":273,"column":null}},"line":254},"20":{"name":"(anonymous_20)","decl":{"start":{"line":274,"column":18},"end":{"line":274,"column":25}},"loc":{"start":{"line":274,"column":32},"end":{"line":287,"column":null}},"line":274},"21":{"name":"(anonymous_21)","decl":{"start":{"line":288,"column":15},"end":{"line":288,"column":22}},"loc":{"start":{"line":288,"column":29},"end":{"line":297,"column":null}},"line":288},"22":{"name":"(anonymous_22)","decl":{"start":{"line":300,"column":14},"end":{"line":300,"column":26}},"loc":{"start":{"line":300,"column":26},"end":{"line":310,"column":null}},"line":300},"23":{"name":"(anonymous_23)","decl":{"start":{"line":311,"column":18},"end":{"line":311,"column":19}},"loc":{"start":{"line":311,"column":28},"end":{"line":311,"column":null}},"line":311},"24":{"name":"(anonymous_24)","decl":{"start":{"line":312,"column":14},"end":{"line":312,"column":21}},"loc":{"start":{"line":312,"column":59},"end":{"line":323,"column":null}},"line":312},"25":{"name":"(anonymous_25)","decl":{"start":{"line":324,"column":14},"end":{"line":324,"column":21}},"loc":{"start":{"line":324,"column":34},"end":{"line":333,"column":null}},"line":324},"26":{"name":"(anonymous_26)","decl":{"start":{"line":334,"column":14},"end":{"line":334,"column":21}},"loc":{"start":{"line":334,"column":28},"end":{"line":348,"column":null}},"line":334},"27":{"name":"(anonymous_27)","decl":{"start":{"line":351,"column":13},"end":{"line":351,"column":20}},"loc":{"start":{"line":351,"column":41},"end":{"line":359,"column":null}},"line":351},"28":{"name":"(anonymous_28)","decl":{"start":{"line":360,"column":13},"end":{"line":360,"column":20}},"loc":{"start":{"line":360,"column":29},"end":{"line":375,"column":null}},"line":360},"29":{"name":"(anonymous_29)","decl":{"start":{"line":376,"column":13},"end":{"line":376,"column":20}},"loc":{"start":{"line":376,"column":50},"end":{"line":387,"column":null}},"line":376},"30":{"name":"(anonymous_30)","decl":{"start":{"line":380,"column":34},"end":{"line":380,"column":35}},"loc":{"start":{"line":380,"column":41},"end":{"line":380,"column":52}},"line":380},"31":{"name":"(anonymous_31)","decl":{"start":{"line":388,"column":13},"end":{"line":388,"column":20}},"loc":{"start":{"line":388,"column":27},"end":{"line":399,"column":null}},"line":388},"32":{"name":"(anonymous_32)","decl":{"start":{"line":390,"column":34},"end":{"line":390,"column":35}},"loc":{"start":{"line":390,"column":41},"end":{"line":390,"column":52}},"line":390},"33":{"name":"(anonymous_33)","decl":{"start":{"line":400,"column":13},"end":{"line":400,"column":20}},"loc":{"start":{"line":400,"column":52},"end":{"line":408,"column":null}},"line":400},"34":{"name":"(anonymous_34)","decl":{"start":{"line":409,"column":13},"end":{"line":409,"column":20}},"loc":{"start":{"line":409,"column":52},"end":{"line":417,"column":null}},"line":409},"35":{"name":"(anonymous_35)","decl":{"start":{"line":420,"column":15},"end":{"line":420,"column":27}},"loc":{"start":{"line":420,"column":27},"end":{"line":428,"column":null}},"line":420},"36":{"name":"(anonymous_36)","decl":{"start":{"line":429,"column":19},"end":{"line":429,"column":20}},"loc":{"start":{"line":430,"column":4},"end":{"line":430,"column":null}},"line":430},"37":{"name":"(anonymous_37)","decl":{"start":{"line":431,"column":15},"end":{"line":431,"column":22}},"loc":{"start":{"line":431,"column":31},"end":{"line":440,"column":null}},"line":431},"38":{"name":"(anonymous_38)","decl":{"start":{"line":441,"column":15},"end":{"line":441,"column":22}},"loc":{"start":{"line":441,"column":35},"end":{"line":450,"column":null}},"line":441},"39":{"name":"(anonymous_39)","decl":{"start":{"line":451,"column":15},"end":{"line":451,"column":22}},"loc":{"start":{"line":451,"column":29},"end":{"line":464,"column":null}},"line":451},"40":{"name":"(anonymous_40)","decl":{"start":{"line":465,"column":20},"end":{"line":465,"column":27}},"loc":{"start":{"line":465,"column":34},"end":{"line":473,"column":null}},"line":465},"41":{"name":"(anonymous_41)","decl":{"start":{"line":474,"column":19},"end":{"line":474,"column":26}},"loc":{"start":{"line":474,"column":47},"end":{"line":483,"column":null}},"line":474},"42":{"name":"(anonymous_42)","decl":{"start":{"line":484,"column":24},"end":{"line":484,"column":31}},"loc":{"start":{"line":484,"column":52},"end":{"line":493,"column":null}},"line":484},"43":{"name":"(anonymous_43)","decl":{"start":{"line":494,"column":18},"end":{"line":494,"column":25}},"loc":{"start":{"line":494,"column":45},"end":{"line":503,"column":null}},"line":494},"44":{"name":"(anonymous_44)","decl":{"start":{"line":504,"column":23},"end":{"line":504,"column":30}},"loc":{"start":{"line":504,"column":50},"end":{"line":513,"column":null}},"line":504},"45":{"name":"(anonymous_45)","decl":{"start":{"line":515,"column":17},"end":{"line":515,"column":29}},"loc":{"start":{"line":515,"column":29},"end":{"line":523,"column":null}},"line":515},"46":{"name":"(anonymous_46)","decl":{"start":{"line":524,"column":14},"end":{"line":524,"column":21}},"loc":{"start":{"line":524,"column":58},"end":{"line":533,"column":null}},"line":524},"47":{"name":"(anonymous_47)","decl":{"start":{"line":534,"column":17},"end":{"line":534,"column":24}},"loc":{"start":{"line":534,"column":31},"end":{"line":543,"column":null}},"line":534},"48":{"name":"(anonymous_48)","decl":{"start":{"line":544,"column":22},"end":{"line":544,"column":29}},"loc":{"start":{"line":544,"column":52},"end":{"line":553,"column":null}},"line":544},"49":{"name":"(anonymous_49)","decl":{"start":{"line":556,"column":18},"end":{"line":556,"column":30}},"loc":{"start":{"line":556,"column":30},"end":{"line":564,"column":null}},"line":556},"50":{"name":"(anonymous_50)","decl":{"start":{"line":567,"column":22},"end":{"line":567,"column":34}},"loc":{"start":{"line":567,"column":34},"end":{"line":575,"column":null}},"line":567},"51":{"name":"(anonymous_51)","decl":{"start":{"line":576,"column":13},"end":{"line":576,"column":20}},"loc":{"start":{"line":576,"column":80},"end":{"line":606,"column":null}},"line":576},"52":{"name":"(anonymous_52)","decl":{"start":{"line":584,"column":45},"end":{"line":584,"column":46}},"loc":{"start":{"line":584,"column":53},"end":{"line":584,"column":66}},"line":584},"53":{"name":"(anonymous_53)","decl":{"start":{"line":607,"column":19},"end":{"line":607,"column":31}},"loc":{"start":{"line":607,"column":31},"end":{"line":615,"column":null}},"line":607},"54":{"name":"(anonymous_54)","decl":{"start":{"line":618,"column":23},"end":{"line":618,"column":35}},"loc":{"start":{"line":618,"column":35},"end":{"line":626,"column":null}},"line":618},"55":{"name":"(anonymous_55)","decl":{"start":{"line":627,"column":23},"end":{"line":627,"column":35}},"loc":{"start":{"line":627,"column":35},"end":{"line":635,"column":null}},"line":627},"56":{"name":"(anonymous_56)","decl":{"start":{"line":636,"column":25},"end":{"line":636,"column":37}},"loc":{"start":{"line":636,"column":37},"end":{"line":644,"column":null}},"line":636},"57":{"name":"(anonymous_57)","decl":{"start":{"line":645,"column":17},"end":{"line":645,"column":29}},"loc":{"start":{"line":645,"column":29},"end":{"line":653,"column":null}},"line":645},"58":{"name":"(anonymous_58)","decl":{"start":{"line":658,"column":22},"end":{"line":658,"column":29}},"loc":{"start":{"line":658,"column":76},"end":{"line":679,"column":null}},"line":658},"59":{"name":"(anonymous_59)","decl":{"start":{"line":667,"column":25},"end":{"line":667,"column":26}},"loc":{"start":{"line":667,"column":38},"end":{"line":675,"column":7}},"line":667},"60":{"name":"(anonymous_60)","decl":{"start":{"line":670,"column":30},"end":{"line":670,"column":31}},"loc":{"start":{"line":670,"column":54},"end":{"line":673,"column":null}},"line":670},"61":{"name":"(anonymous_61)","decl":{"start":{"line":681,"column":17},"end":{"line":681,"column":24}},"loc":{"start":{"line":681,"column":42},"end":{"line":705,"column":null}},"line":681}},"branchMap":{"0":{"loc":{"start":{"line":248,"column":21},"end":{"line":248,"column":null}},"type":"cond-expr","locations":[{"start":{"line":248,"column":42},"end":{"line":248,"column":54}},{"start":{"line":248,"column":54},"end":{"line":248,"column":null}}],"line":248},"1":{"loc":{"start":{"line":260,"column":26},"end":{"line":260,"column":null}},"type":"binary-expr","locations":[{"start":{"line":260,"column":26},"end":{"line":260,"column":47}},{"start":{"line":260,"column":47},"end":{"line":260,"column":null}}],"line":260},"2":{"loc":{"start":{"line":264,"column":6},"end":{"line":266,"column":null}},"type":"if","locations":[{"start":{"line":264,"column":6},"end":{"line":266,"column":null}},{"start":{},"end":{}}],"line":264},"3":{"loc":{"start":{"line":268,"column":21},"end":{"line":268,"column":null}},"type":"cond-expr","locations":[{"start":{"line":268,"column":42},"end":{"line":268,"column":54}},{"start":{"line":268,"column":54},"end":{"line":268,"column":null}}],"line":268},"4":{"loc":{"start":{"line":269,"column":6},"end":{"line":271,"column":null}},"type":"if","locations":[{"start":{"line":269,"column":6},"end":{"line":271,"column":null}},{"start":{},"end":{}}],"line":269},"5":{"loc":{"start":{"line":278,"column":6},"end":{"line":280,"column":null}},"type":"if","locations":[{"start":{"line":278,"column":6},"end":{"line":280,"column":null}},{"start":{},"end":{}}],"line":278},"6":{"loc":{"start":{"line":284,"column":21},"end":{"line":284,"column":null}},"type":"cond-expr","locations":[{"start":{"line":284,"column":42},"end":{"line":284,"column":54}},{"start":{"line":284,"column":54},"end":{"line":284,"column":null}}],"line":284},"7":{"loc":{"start":{"line":294,"column":21},"end":{"line":294,"column":null}},"type":"cond-expr","locations":[{"start":{"line":294,"column":42},"end":{"line":294,"column":54}},{"start":{"line":294,"column":54},"end":{"line":294,"column":null}}],"line":294},"8":{"loc":{"start":{"line":306,"column":21},"end":{"line":306,"column":null}},"type":"cond-expr","locations":[{"start":{"line":306,"column":42},"end":{"line":306,"column":54}},{"start":{"line":306,"column":54},"end":{"line":306,"column":null}}],"line":306},"9":{"loc":{"start":{"line":316,"column":6},"end":{"line":318,"column":null}},"type":"if","locations":[{"start":{"line":316,"column":6},"end":{"line":318,"column":null}},{"start":{},"end":{}}],"line":316},"10":{"loc":{"start":{"line":320,"column":21},"end":{"line":320,"column":null}},"type":"cond-expr","locations":[{"start":{"line":320,"column":42},"end":{"line":320,"column":54}},{"start":{"line":320,"column":54},"end":{"line":320,"column":null}}],"line":320},"11":{"loc":{"start":{"line":330,"column":21},"end":{"line":330,"column":null}},"type":"cond-expr","locations":[{"start":{"line":330,"column":42},"end":{"line":330,"column":54}},{"start":{"line":330,"column":54},"end":{"line":330,"column":null}}],"line":330},"12":{"loc":{"start":{"line":338,"column":6},"end":{"line":340,"column":null}},"type":"if","locations":[{"start":{"line":338,"column":6},"end":{"line":340,"column":null}},{"start":{},"end":{}}],"line":338},"13":{"loc":{"start":{"line":345,"column":21},"end":{"line":345,"column":null}},"type":"cond-expr","locations":[{"start":{"line":345,"column":42},"end":{"line":345,"column":54}},{"start":{"line":345,"column":54},"end":{"line":345,"column":null}}],"line":345},"14":{"loc":{"start":{"line":356,"column":21},"end":{"line":356,"column":null}},"type":"cond-expr","locations":[{"start":{"line":356,"column":42},"end":{"line":356,"column":54}},{"start":{"line":356,"column":54},"end":{"line":356,"column":null}}],"line":356},"15":{"loc":{"start":{"line":372,"column":21},"end":{"line":372,"column":null}},"type":"cond-expr","locations":[{"start":{"line":372,"column":42},"end":{"line":372,"column":54}},{"start":{"line":372,"column":54},"end":{"line":372,"column":null}}],"line":372},"16":{"loc":{"start":{"line":384,"column":21},"end":{"line":384,"column":null}},"type":"cond-expr","locations":[{"start":{"line":384,"column":42},"end":{"line":384,"column":54}},{"start":{"line":384,"column":54},"end":{"line":384,"column":null}}],"line":384},"17":{"loc":{"start":{"line":396,"column":21},"end":{"line":396,"column":null}},"type":"cond-expr","locations":[{"start":{"line":396,"column":42},"end":{"line":396,"column":54}},{"start":{"line":396,"column":54},"end":{"line":396,"column":null}}],"line":396},"18":{"loc":{"start":{"line":405,"column":21},"end":{"line":405,"column":null}},"type":"cond-expr","locations":[{"start":{"line":405,"column":42},"end":{"line":405,"column":54}},{"start":{"line":405,"column":54},"end":{"line":405,"column":null}}],"line":405},"19":{"loc":{"start":{"line":414,"column":21},"end":{"line":414,"column":null}},"type":"cond-expr","locations":[{"start":{"line":414,"column":42},"end":{"line":414,"column":54}},{"start":{"line":414,"column":54},"end":{"line":414,"column":null}}],"line":414},"20":{"loc":{"start":{"line":425,"column":21},"end":{"line":425,"column":null}},"type":"cond-expr","locations":[{"start":{"line":425,"column":42},"end":{"line":425,"column":54}},{"start":{"line":425,"column":54},"end":{"line":425,"column":null}}],"line":425},"21":{"loc":{"start":{"line":437,"column":21},"end":{"line":437,"column":null}},"type":"cond-expr","locations":[{"start":{"line":437,"column":42},"end":{"line":437,"column":54}},{"start":{"line":437,"column":54},"end":{"line":437,"column":null}}],"line":437},"22":{"loc":{"start":{"line":447,"column":21},"end":{"line":447,"column":null}},"type":"cond-expr","locations":[{"start":{"line":447,"column":42},"end":{"line":447,"column":54}},{"start":{"line":447,"column":54},"end":{"line":447,"column":null}}],"line":447},"23":{"loc":{"start":{"line":455,"column":6},"end":{"line":457,"column":null}},"type":"if","locations":[{"start":{"line":455,"column":6},"end":{"line":457,"column":null}},{"start":{},"end":{}}],"line":455},"24":{"loc":{"start":{"line":461,"column":21},"end":{"line":461,"column":null}},"type":"cond-expr","locations":[{"start":{"line":461,"column":42},"end":{"line":461,"column":54}},{"start":{"line":461,"column":54},"end":{"line":461,"column":null}}],"line":461},"25":{"loc":{"start":{"line":470,"column":21},"end":{"line":470,"column":null}},"type":"cond-expr","locations":[{"start":{"line":470,"column":42},"end":{"line":470,"column":54}},{"start":{"line":470,"column":54},"end":{"line":470,"column":null}}],"line":470},"26":{"loc":{"start":{"line":480,"column":21},"end":{"line":480,"column":null}},"type":"cond-expr","locations":[{"start":{"line":480,"column":42},"end":{"line":480,"column":54}},{"start":{"line":480,"column":54},"end":{"line":480,"column":null}}],"line":480},"27":{"loc":{"start":{"line":490,"column":21},"end":{"line":490,"column":null}},"type":"cond-expr","locations":[{"start":{"line":490,"column":42},"end":{"line":490,"column":54}},{"start":{"line":490,"column":54},"end":{"line":490,"column":null}}],"line":490},"28":{"loc":{"start":{"line":500,"column":21},"end":{"line":500,"column":null}},"type":"cond-expr","locations":[{"start":{"line":500,"column":42},"end":{"line":500,"column":54}},{"start":{"line":500,"column":54},"end":{"line":500,"column":null}}],"line":500},"29":{"loc":{"start":{"line":510,"column":21},"end":{"line":510,"column":null}},"type":"cond-expr","locations":[{"start":{"line":510,"column":42},"end":{"line":510,"column":54}},{"start":{"line":510,"column":54},"end":{"line":510,"column":null}}],"line":510},"30":{"loc":{"start":{"line":520,"column":21},"end":{"line":520,"column":null}},"type":"cond-expr","locations":[{"start":{"line":520,"column":42},"end":{"line":520,"column":54}},{"start":{"line":520,"column":54},"end":{"line":520,"column":null}}],"line":520},"31":{"loc":{"start":{"line":530,"column":21},"end":{"line":530,"column":null}},"type":"cond-expr","locations":[{"start":{"line":530,"column":42},"end":{"line":530,"column":54}},{"start":{"line":530,"column":54},"end":{"line":530,"column":null}}],"line":530},"32":{"loc":{"start":{"line":540,"column":21},"end":{"line":540,"column":null}},"type":"cond-expr","locations":[{"start":{"line":540,"column":42},"end":{"line":540,"column":54}},{"start":{"line":540,"column":54},"end":{"line":540,"column":null}}],"line":540},"33":{"loc":{"start":{"line":550,"column":21},"end":{"line":550,"column":null}},"type":"cond-expr","locations":[{"start":{"line":550,"column":42},"end":{"line":550,"column":54}},{"start":{"line":550,"column":54},"end":{"line":550,"column":null}}],"line":550},"34":{"loc":{"start":{"line":561,"column":21},"end":{"line":561,"column":null}},"type":"cond-expr","locations":[{"start":{"line":561,"column":42},"end":{"line":561,"column":54}},{"start":{"line":561,"column":54},"end":{"line":561,"column":null}}],"line":561},"35":{"loc":{"start":{"line":572,"column":21},"end":{"line":572,"column":null}},"type":"cond-expr","locations":[{"start":{"line":572,"column":42},"end":{"line":572,"column":54}},{"start":{"line":572,"column":54},"end":{"line":572,"column":null}}],"line":572},"36":{"loc":{"start":{"line":579,"column":6},"end":{"line":589,"column":null}},"type":"if","locations":[{"start":{"line":579,"column":6},"end":{"line":589,"column":null}},{"start":{},"end":{}}],"line":579},"37":{"loc":{"start":{"line":579,"column":10},"end":{"line":579,"column":43}},"type":"binary-expr","locations":[{"start":{"line":579,"column":10},"end":{"line":579,"column":32}},{"start":{"line":579,"column":32},"end":{"line":579,"column":43}}],"line":579},"38":{"loc":{"start":{"line":583,"column":12},"end":{"line":586,"column":null}},"type":"if","locations":[{"start":{"line":583,"column":12},"end":{"line":586,"column":null}},{"start":{},"end":{}}],"line":583},"39":{"loc":{"start":{"line":585,"column":36},"end":{"line":585,"column":50}},"type":"binary-expr","locations":[{"start":{"line":585,"column":36},"end":{"line":585,"column":47}},{"start":{"line":585,"column":47},"end":{"line":585,"column":50}}],"line":585},"40":{"loc":{"start":{"line":595,"column":6},"end":{"line":599,"column":null}},"type":"if","locations":[{"start":{"line":595,"column":6},"end":{"line":599,"column":null}},{"start":{"line":597,"column":13},"end":{"line":599,"column":null}}],"line":595},"41":{"loc":{"start":{"line":602,"column":21},"end":{"line":602,"column":null}},"type":"cond-expr","locations":[{"start":{"line":602,"column":42},"end":{"line":602,"column":54}},{"start":{"line":602,"column":54},"end":{"line":602,"column":null}}],"line":602},"42":{"loc":{"start":{"line":612,"column":21},"end":{"line":612,"column":null}},"type":"cond-expr","locations":[{"start":{"line":612,"column":42},"end":{"line":612,"column":54}},{"start":{"line":612,"column":54},"end":{"line":612,"column":null}}],"line":612},"43":{"loc":{"start":{"line":623,"column":21},"end":{"line":623,"column":null}},"type":"cond-expr","locations":[{"start":{"line":623,"column":42},"end":{"line":623,"column":54}},{"start":{"line":623,"column":54},"end":{"line":623,"column":null}}],"line":623},"44":{"loc":{"start":{"line":632,"column":21},"end":{"line":632,"column":null}},"type":"cond-expr","locations":[{"start":{"line":632,"column":42},"end":{"line":632,"column":54}},{"start":{"line":632,"column":54},"end":{"line":632,"column":null}}],"line":632},"45":{"loc":{"start":{"line":641,"column":21},"end":{"line":641,"column":null}},"type":"cond-expr","locations":[{"start":{"line":641,"column":42},"end":{"line":641,"column":54}},{"start":{"line":641,"column":54},"end":{"line":641,"column":null}}],"line":641},"46":{"loc":{"start":{"line":649,"column":21},"end":{"line":649,"column":null}},"type":"cond-expr","locations":[{"start":{"line":649,"column":42},"end":{"line":649,"column":54}},{"start":{"line":649,"column":54},"end":{"line":649,"column":null}}],"line":649},"47":{"loc":{"start":{"line":666,"column":6},"end":{"line":666,"column":null}},"type":"if","locations":[{"start":{"line":666,"column":6},"end":{"line":666,"column":null}},{"start":{},"end":{}}],"line":666},"48":{"loc":{"start":{"line":666,"column":10},"end":{"line":666,"column":45}},"type":"binary-expr","locations":[{"start":{"line":666,"column":10},"end":{"line":666,"column":22}},{"start":{"line":666,"column":22},"end":{"line":666,"column":45}}],"line":666},"49":{"loc":{"start":{"line":690,"column":20},"end":{"line":690,"column":null}},"type":"cond-expr","locations":[{"start":{"line":690,"column":39},"end":{"line":690,"column":69}},{"start":{"line":690,"column":69},"end":{"line":690,"column":null}}],"line":690},"50":{"loc":{"start":{"line":692,"column":8},"end":{"line":694,"column":null}},"type":"cond-expr","locations":[{"start":{"line":693,"column":12},"end":{"line":693,"column":null}},{"start":{"line":694,"column":12},"end":{"line":694,"column":null}}],"line":692},"51":{"loc":{"start":{"line":693,"column":86},"end":{"line":693,"column":123}},"type":"cond-expr","locations":[{"start":{"line":693,"column":113},"end":{"line":693,"column":121}},{"start":{"line":693,"column":121},"end":{"line":693,"column":123}}],"line":693},"52":{"loc":{"start":{"line":697,"column":8},"end":{"line":697,"column":null}},"type":"cond-expr","locations":[{"start":{"line":697,"column":28},"end":{"line":697,"column":40}},{"start":{"line":697,"column":40},"end":{"line":697,"column":null}}],"line":697},"53":{"loc":{"start":{"line":701,"column":21},"end":{"line":701,"column":null}},"type":"cond-expr","locations":[{"start":{"line":701,"column":42},"end":{"line":701,"column":54}},{"start":{"line":701,"column":54},"end":{"line":701,"column":null}}],"line":701}},"s":{"0":1,"1":1,"2":0,"3":0,"4":0,"5":7,"6":7,"7":7,"8":7,"9":0,"10":0,"11":0,"12":0,"13":0,"14":0,"15":0,"16":0,"17":0,"18":0,"19":0,"20":4,"21":4,"22":4,"23":3,"24":1,"25":1,"26":1,"27":1,"28":1,"29":1,"30":1,"31":1,"32":1,"33":1,"34":1,"35":0,"36":0,"37":0,"38":1,"39":1,"40":1,"41":1,"42":1,"43":1,"44":1,"45":0,"46":0,"47":0,"48":0,"49":0,"50":0,"51":0,"52":0,"53":0,"54":0,"55":0,"56":0,"57":0,"58":0,"59":0,"60":0,"61":0,"62":0,"63":0,"64":0,"65":0,"66":0,"67":0,"68":0,"69":0,"70":0,"71":0,"72":0,"73":0,"74":0,"75":0,"76":0,"77":0,"78":0,"79":0,"80":0,"81":0,"82":0,"83":0,"84":0,"85":0,"86":0,"87":0,"88":0,"89":0,"90":0,"91":0,"92":0,"93":0,"94":0,"95":0,"96":0,"97":0,"98":0,"99":0,"100":0,"101":0,"102":0,"103":0,"104":0,"105":0,"106":0,"107":0,"108":0,"109":0,"110":0,"111":0,"112":0,"113":0,"114":0,"115":0,"116":0,"117":0,"118":0,"119":0,"120":0,"121":0,"122":0,"123":3,"124":3,"125":3,"126":0,"127":0,"128":1,"129":1,"130":1,"131":1,"132":1,"133":0,"134":0,"135":0,"136":0,"137":0,"138":0,"139":0,"140":0,"141":1,"142":1,"143":1,"144":1,"145":1,"146":1,"147":1,"148":0,"149":0,"150":0,"151":0,"152":0,"153":0,"154":0,"155":0,"156":0,"157":0,"158":0,"159":0,"160":0,"161":0,"162":0,"163":0,"164":0,"165":0,"166":0,"167":0,"168":0,"169":0,"170":0,"171":0,"172":0,"173":0,"174":0,"175":0,"176":0,"177":0,"178":0,"179":0,"180":0,"181":0,"182":0,"183":0,"184":0,"185":0,"186":0,"187":0,"188":0,"189":0,"190":0,"191":0,"192":0,"193":0,"194":0,"195":0,"196":0,"197":0,"198":0,"199":0,"200":0,"201":0,"202":0,"203":0,"204":0,"205":0,"206":0,"207":2,"208":2,"209":2,"210":0,"211":0,"212":1,"213":1,"214":1,"215":1,"216":0,"217":0,"218":0,"219":0,"220":0,"221":1,"222":1,"223":1,"224":1,"225":1,"226":1,"227":0,"228":1,"229":0,"230":0,"231":0,"232":1,"233":1,"234":1,"235":0,"236":0,"237":2,"238":2,"239":1,"240":1,"241":1,"242":0,"243":0,"244":0,"245":0,"246":0,"247":1,"248":1,"249":1,"250":0,"251":0,"252":0,"253":0,"254":0,"255":0,"256":0,"257":0,"258":0,"259":0,"260":0,"261":0,"262":0,"263":0,"264":0,"265":0,"266":0,"267":0,"268":0,"269":0,"270":0,"271":0,"272":0,"273":0,"274":0,"275":0,"276":0,"277":0,"278":0,"279":0,"280":0},"f":{"0":1,"1":0,"2":0,"3":0,"4":7,"5":7,"6":0,"7":0,"8":0,"9":0,"10":0,"11":0,"12":0,"13":0,"14":0,"15":0,"16":0,"17":4,"18":1,"19":1,"20":1,"21":0,"22":0,"23":0,"24":0,"25":0,"26":0,"27":0,"28":0,"29":0,"30":0,"31":0,"32":0,"33":0,"34":0,"35":3,"36":1,"37":1,"38":0,"39":1,"40":0,"41":0,"42":0,"43":0,"44":0,"45":0,"46":0,"47":0,"48":0,"49":0,"50":2,"51":1,"52":0,"53":1,"54":2,"55":0,"56":1,"57":0,"58":0,"59":0,"60":0,"61":0},"b":{"0":[1,0],"1":[1,0],"2":[1,0],"3":[0,0],"4":[0,0],"5":[1,0],"6":[0,0],"7":[0,0],"8":[0,0],"9":[0,0],"10":[0,0],"11":[0,0],"12":[0,0],"13":[0,0],"14":[0,0],"15":[0,0],"16":[0,0],"17":[0,0],"18":[0,0],"19":[0,0],"20":[0,0],"21":[0,0],"22":[0,0],"23":[1,0],"24":[0,0],"25":[0,0],"26":[0,0],"27":[0,0],"28":[0,0],"29":[0,0],"30":[0,0],"31":[0,0],"32":[0,0],"33":[0,0],"34":[0,0],"35":[0,0],"36":[1,0],"37":[1,1],"38":[0,0],"39":[0,0],"40":[1,0],"41":[0,0],"42":[0,0],"43":[1,0],"44":[0,0],"45":[0,0],"46":[0,0],"47":[0,0],"48":[0,0],"49":[0,0],"50":[0,0],"51":[0,0],"52":[0,0],"53":[0,0]},"meta":{"lastBranch":54,"lastFunction":62,"lastStatement":281,"seen":{"s:184:13:706:Infinity":0,"f:184:44:184:45":0,"s:184:59:706:2":1,"f:214:33:214:34":1,"s:214:41:214:Infinity":2,"f:217:35:217:36":2,"s:217:43:217:Infinity":3,"f:218:34:218:35":3,"s:218:42:218:Infinity":4,"f:221:12:221:13":4,"s:222:15:222:Infinity":5,"s:223:4:223:Infinity":6,"f:223:8:223:9":5,"s:223:20:223:73":7,"s:224:4:226:Infinity":8,"f:224:15:224:21":6,"s:225:6:225:Infinity":9,"f:225:10:225:11":7,"s:225:22:225:74":10,"f:225:52:225:53":8,"s:225:59:225:70":11,"f:228:15:228:16":9,"s:229:4:229:Infinity":12,"f:229:8:229:9":10,"s:229:20:229:72":13,"f:229:50:229:51":11,"s:229:57:229:68":14,"f:233:16:233:17":12,"s:233:25:233:Infinity":15,"f:234:17:234:Infinity":13,"s:235:4:235:Infinity":16,"f:235:8:235:9":14,"s:235:20:235:66":17,"f:238:18:238:19":15,"s:238:29:238:Infinity":18,"f:239:16:239:17":16,"s:239:26:239:Infinity":19,"f:242:15:242:27":17,"s:243:4:243:Infinity":20,"s:244:4:251:Infinity":21,"s:245:21:245:Infinity":22,"s:246:6:246:Infinity":23,"s:248:21:248:Infinity":24,"b:248:42:248:54:248:54:248:Infinity":0,"s:249:6:249:Infinity":25,"s:250:6:250:Infinity":26,"f:253:15:253:16":18,"s:253:26:253:Infinity":27,"f:254:16:254:23":19,"s:256:46:259:Infinity":28,"s:260:26:260:Infinity":29,"b:260:26:260:47:260:47:260:Infinity":1,"s:261:4:272:Infinity":30,"s:262:6:262:Infinity":31,"s:263:6:263:Infinity":32,"b:264:6:266:Infinity:undefined:undefined:undefined:undefined":2,"s:264:6:266:Infinity":33,"s:265:8:265:Infinity":34,"s:268:21:268:Infinity":35,"b:268:42:268:54:268:54:268:Infinity":3,"b:269:6:271:Infinity:undefined:undefined:undefined:undefined":4,"s:269:6:271:Infinity":36,"s:270:8:270:Infinity":37,"f:274:18:274:25":20,"s:275:4:286:Infinity":38,"s:276:6:276:Infinity":39,"s:277:32:277:Infinity":40,"b:278:6:280:Infinity:undefined:undefined:undefined:undefined":5,"s:278:6:280:Infinity":41,"s:279:8:279:Infinity":42,"s:281:6:281:Infinity":43,"s:282:6:282:Infinity":44,"s:284:21:284:Infinity":45,"b:284:42:284:54:284:54:284:Infinity":6,"s:285:6:285:Infinity":46,"f:288:15:288:22":21,"s:289:4:296:Infinity":47,"s:290:6:290:Infinity":48,"s:291:6:291:Infinity":49,"s:292:6:292:Infinity":50,"s:294:21:294:Infinity":51,"b:294:42:294:54:294:54:294:Infinity":7,"s:295:6:295:Infinity":52,"f:300:14:300:26":22,"s:301:4:301:Infinity":53,"s:302:4:309:Infinity":54,"s:303:20:303:Infinity":55,"s:304:6:304:Infinity":56,"s:306:21:306:Infinity":57,"b:306:42:306:54:306:54:306:Infinity":8,"s:307:6:307:Infinity":58,"s:308:6:308:Infinity":59,"f:311:18:311:19":23,"s:311:28:311:Infinity":60,"f:312:14:312:21":24,"s:313:4:322:Infinity":61,"s:314:6:314:Infinity":62,"s:315:6:315:Infinity":63,"b:316:6:318:Infinity:undefined:undefined:undefined:undefined":9,"s:316:6:318:Infinity":64,"s:317:8:317:Infinity":65,"s:320:21:320:Infinity":66,"b:320:42:320:54:320:54:320:Infinity":10,"s:321:6:321:Infinity":67,"f:324:14:324:21":25,"s:325:4:332:Infinity":68,"s:326:6:326:Infinity":69,"s:327:6:327:Infinity":70,"s:328:6:328:Infinity":71,"s:330:21:330:Infinity":72,"b:330:42:330:54:330:54:330:Infinity":11,"s:331:6:331:Infinity":73,"f:334:14:334:21":26,"s:335:4:347:Infinity":74,"s:336:6:336:Infinity":75,"s:337:30:337:Infinity":76,"b:338:6:340:Infinity:undefined:undefined:undefined:undefined":12,"s:338:6:340:Infinity":77,"s:339:8:339:Infinity":78,"s:341:6:341:Infinity":79,"s:342:6:342:Infinity":80,"s:343:6:343:Infinity":81,"s:345:21:345:Infinity":82,"b:345:42:345:54:345:54:345:Infinity":13,"s:346:6:346:Infinity":83,"f:351:13:351:20":27,"s:352:4:358:Infinity":84,"s:353:19:353:Infinity":85,"s:354:6:354:Infinity":86,"s:356:21:356:Infinity":87,"b:356:42:356:54:356:54:356:Infinity":14,"s:357:6:357:Infinity":88,"f:360:13:360:20":28,"s:361:4:374:Infinity":89,"s:362:21:367:Infinity":90,"s:368:6:368:Infinity":91,"s:369:6:369:Infinity":92,"s:370:6:370:Infinity":93,"s:372:21:372:Infinity":94,"b:372:42:372:54:372:54:372:Infinity":15,"s:373:6:373:Infinity":95,"f:376:13:376:20":29,"s:377:4:386:Infinity":96,"s:378:6:378:Infinity":97,"s:380:18:380:Infinity":98,"f:380:34:380:35":30,"s:380:41:380:52":99,"s:381:6:381:Infinity":100,"s:382:6:382:Infinity":101,"s:384:21:384:Infinity":102,"b:384:42:384:54:384:54:384:Infinity":16,"s:385:6:385:Infinity":103,"f:388:13:388:20":31,"s:389:4:398:Infinity":104,"s:390:18:390:Infinity":105,"f:390:34:390:35":32,"s:390:41:390:52":106,"s:391:22:391:Infinity":107,"s:392:6:392:Infinity":108,"s:393:6:393:Infinity":109,"s:394:6:394:Infinity":110,"s:396:21:396:Infinity":111,"b:396:42:396:54:396:54:396:Infinity":17,"s:397:6:397:Infinity":112,"f:400:13:400:20":33,"s:401:4:407:Infinity":113,"s:402:6:402:Infinity":114,"s:403:6:403:Infinity":115,"s:405:21:405:Infinity":116,"b:405:42:405:54:405:54:405:Infinity":18,"s:406:6:406:Infinity":117,"f:409:13:409:20":34,"s:410:4:416:Infinity":118,"s:411:6:411:Infinity":119,"s:412:6:412:Infinity":120,"s:414:21:414:Infinity":121,"b:414:42:414:54:414:54:414:Infinity":19,"s:415:6:415:Infinity":122,"f:420:15:420:27":35,"s:421:4:427:Infinity":123,"s:422:21:422:Infinity":124,"s:423:6:423:Infinity":125,"s:425:21:425:Infinity":126,"b:425:42:425:54:425:54:425:Infinity":20,"s:426:6:426:Infinity":127,"f:429:19:429:20":36,"s:430:4:430:Infinity":128,"f:431:15:431:22":37,"s:432:4:439:Infinity":129,"s:433:6:433:Infinity":130,"s:434:6:434:Infinity":131,"s:435:6:435:Infinity":132,"s:437:21:437:Infinity":133,"b:437:42:437:54:437:54:437:Infinity":21,"s:438:6:438:Infinity":134,"f:441:15:441:22":38,"s:442:4:449:Infinity":135,"s:443:6:443:Infinity":136,"s:444:6:444:Infinity":137,"s:445:6:445:Infinity":138,"s:447:21:447:Infinity":139,"b:447:42:447:54:447:54:447:Infinity":22,"s:448:6:448:Infinity":140,"f:451:15:451:22":39,"s:452:4:463:Infinity":141,"s:453:6:453:Infinity":142,"s:454:31:454:Infinity":143,"b:455:6:457:Infinity:undefined:undefined:undefined:undefined":23,"s:455:6:457:Infinity":144,"s:456:8:456:Infinity":145,"s:458:6:458:Infinity":146,"s:459:6:459:Infinity":147,"s:461:21:461:Infinity":148,"b:461:42:461:54:461:54:461:Infinity":24,"s:462:6:462:Infinity":149,"f:465:20:465:27":40,"s:466:4:472:Infinity":150,"s:467:21:467:Infinity":151,"s:468:6:468:Infinity":152,"s:470:21:470:Infinity":153,"b:470:42:470:54:470:54:470:Infinity":25,"s:471:6:471:Infinity":154,"f:474:19:474:26":41,"s:475:4:482:Infinity":155,"s:476:6:476:Infinity":156,"s:477:6:477:Infinity":157,"s:478:6:478:Infinity":158,"s:480:21:480:Infinity":159,"b:480:42:480:54:480:54:480:Infinity":26,"s:481:6:481:Infinity":160,"f:484:24:484:31":42,"s:485:4:492:Infinity":161,"s:486:6:486:Infinity":162,"s:487:6:487:Infinity":163,"s:488:6:488:Infinity":164,"s:490:21:490:Infinity":165,"b:490:42:490:54:490:54:490:Infinity":27,"s:491:6:491:Infinity":166,"f:494:18:494:25":43,"s:495:4:502:Infinity":167,"s:496:6:496:Infinity":168,"s:497:6:497:Infinity":169,"s:498:6:498:Infinity":170,"s:500:21:500:Infinity":171,"b:500:42:500:54:500:54:500:Infinity":28,"s:501:6:501:Infinity":172,"f:504:23:504:30":44,"s:505:4:512:Infinity":173,"s:506:6:506:Infinity":174,"s:507:6:507:Infinity":175,"s:508:6:508:Infinity":176,"s:510:21:510:Infinity":177,"b:510:42:510:54:510:54:510:Infinity":29,"s:511:6:511:Infinity":178,"f:515:17:515:29":45,"s:516:4:522:Infinity":179,"s:517:23:517:Infinity":180,"s:518:6:518:Infinity":181,"s:520:21:520:Infinity":182,"b:520:42:520:54:520:54:520:Infinity":30,"s:521:6:521:Infinity":183,"f:524:14:524:21":46,"s:525:4:532:Infinity":184,"s:526:6:526:Infinity":185,"s:527:6:527:Infinity":186,"s:528:6:528:Infinity":187,"s:530:21:530:Infinity":188,"b:530:42:530:54:530:54:530:Infinity":31,"s:531:6:531:Infinity":189,"f:534:17:534:24":47,"s:535:4:542:Infinity":190,"s:536:6:536:Infinity":191,"s:537:6:537:Infinity":192,"s:538:6:538:Infinity":193,"s:540:21:540:Infinity":194,"b:540:42:540:54:540:54:540:Infinity":32,"s:541:6:541:Infinity":195,"f:544:22:544:29":48,"s:545:4:552:Infinity":196,"s:546:6:546:Infinity":197,"s:547:6:547:Infinity":198,"s:548:6:548:Infinity":199,"s:550:21:550:Infinity":200,"b:550:42:550:54:550:54:550:Infinity":33,"s:551:6:551:Infinity":201,"f:556:18:556:30":49,"s:557:4:563:Infinity":202,"s:558:24:558:Infinity":203,"s:559:6:559:Infinity":204,"s:561:21:561:Infinity":205,"b:561:42:561:54:561:54:561:Infinity":34,"s:562:6:562:Infinity":206,"f:567:22:567:34":50,"s:568:4:574:Infinity":207,"s:569:28:569:Infinity":208,"s:570:6:570:Infinity":209,"s:572:21:572:Infinity":210,"b:572:42:572:54:572:54:572:Infinity":35,"s:573:6:573:Infinity":211,"f:576:13:576:20":51,"s:577:4:605:Infinity":212,"b:579:6:589:Infinity:undefined:undefined:undefined:undefined":36,"s:579:6:589:Infinity":213,"b:579:10:579:32:579:32:579:43":37,"s:580:8:588:Infinity":214,"s:581:10:587:Infinity":215,"s:582:24:582:Infinity":216,"b:583:12:586:Infinity:undefined:undefined:undefined:undefined":38,"s:583:12:586:Infinity":217,"s:584:24:584:Infinity":218,"f:584:45:584:46":52,"s:584:53:584:66":219,"s:585:14:585:Infinity":220,"b:585:36:585:47:585:47:585:50":39,"s:591:21:591:Infinity":221,"s:592:6:592:Infinity":222,"s:593:6:593:Infinity":223,"s:594:6:594:Infinity":224,"b:595:6:599:Infinity:597:13:599:Infinity":40,"s:595:6:599:Infinity":225,"s:596:8:596:Infinity":226,"s:598:8:598:Infinity":227,"s:600:6:600:Infinity":228,"s:602:21:602:Infinity":229,"b:602:42:602:54:602:54:602:Infinity":41,"s:603:6:603:Infinity":230,"s:604:6:604:Infinity":231,"f:607:19:607:31":53,"s:608:4:614:Infinity":232,"s:609:25:609:Infinity":233,"s:610:6:610:Infinity":234,"s:612:21:612:Infinity":235,"b:612:42:612:54:612:54:612:Infinity":42,"s:613:6:613:Infinity":236,"f:618:23:618:35":54,"s:619:4:625:Infinity":237,"s:620:20:620:Infinity":238,"s:621:6:621:Infinity":239,"s:623:21:623:Infinity":240,"b:623:42:623:54:623:54:623:Infinity":43,"s:624:6:624:Infinity":241,"f:627:23:627:35":55,"s:628:4:634:Infinity":242,"s:629:23:629:Infinity":243,"s:630:6:630:Infinity":244,"s:632:21:632:Infinity":245,"b:632:42:632:54:632:54:632:Infinity":44,"s:633:6:633:Infinity":246,"f:636:25:636:37":56,"s:637:4:643:Infinity":247,"s:638:21:638:Infinity":248,"s:639:6:639:Infinity":249,"s:641:21:641:Infinity":250,"b:641:42:641:54:641:54:641:Infinity":45,"s:642:6:642:Infinity":251,"f:645:17:645:29":57,"s:646:4:652:Infinity":252,"s:647:6:647:Infinity":253,"s:649:21:649:Infinity":254,"b:649:42:649:54:649:54:649:Infinity":46,"s:650:6:650:Infinity":255,"s:651:6:651:Infinity":256,"f:658:22:658:29":58,"s:659:4:678:Infinity":257,"s:660:22:665:Infinity":258,"b:666:6:666:Infinity:undefined:undefined:undefined:undefined":47,"s:666:6:666:Infinity":259,"b:666:10:666:22:666:22:666:45":48,"s:666:45:666:Infinity":260,"s:667:6:675:Infinity":261,"f:667:25:667:26":59,"s:668:8:674:Infinity":262,"f:670:30:670:31":60,"s:671:12:671:Infinity":263,"s:672:12:672:Infinity":264,"s:677:6:677:Infinity":265,"f:681:17:681:24":61,"s:682:4:704:Infinity":266,"s:683:21:683:Infinity":267,"s:684:6:684:Infinity":268,"s:685:6:685:Infinity":269,"s:686:6:686:Infinity":270,"s:687:6:687:Infinity":271,"s:688:28:688:Infinity":272,"s:689:27:689:Infinity":273,"s:690:20:690:Infinity":274,"b:690:39:690:69:690:69:690:Infinity":49,"s:692:8:694:Infinity":275,"b:693:12:693:Infinity:694:12:694:Infinity":50,"b:693:113:693:121:693:121:693:123":51,"s:695:6:698:Infinity":276,"b:697:28:697:40:697:40:697:Infinity":52,"s:699:6:699:Infinity":277,"s:701:21:701:Infinity":278,"b:701:42:701:54:701:54:701:Infinity":53,"s:702:6:702:Infinity":279,"s:703:6:703:Infinity":280},"fnNames":{}}}
,"/Users/webb/dev/workspace_private/SkillForge/src/stores/watcherStore.ts": {"path":"/Users/webb/dev/workspace_private/SkillForge/src/stores/watcherStore.ts","statementMap":{"0":{"start":{"line":14,"column":13},"end":{"line":56,"column":null}},"1":{"start":{"line":14,"column":67},"end":{"line":56,"column":2}},"2":{"start":{"line":20,"column":4},"end":{"line":20,"column":null}},"3":{"start":{"line":21,"column":4},"end":{"line":30,"column":null}},"4":{"start":{"line":22,"column":21},"end":{"line":22,"column":null}},"5":{"start":{"line":23,"column":6},"end":{"line":27,"column":null}},"6":{"start":{"line":29,"column":6},"end":{"line":29,"column":null}},"7":{"start":{"line":34,"column":4},"end":{"line":34,"column":null}},"8":{"start":{"line":35,"column":4},"end":{"line":35,"column":null}},"9":{"start":{"line":39,"column":4},"end":{"line":41,"column":null}},"10":{"start":{"line":40,"column":6},"end":{"line":40,"column":null}},"11":{"start":{"line":42,"column":4},"end":{"line":42,"column":null}},"12":{"start":{"line":46,"column":23},"end":{"line":46,"column":null}},"13":{"start":{"line":47,"column":19},"end":{"line":47,"column":null}},"14":{"start":{"line":48,"column":21},"end":{"line":53,"column":null}},"15":{"start":{"line":49,"column":18},"end":{"line":49,"column":null}},"16":{"start":{"line":50,"column":6},"end":{"line":50,"column":null}},"17":{"start":{"line":50,"column":33},"end":{"line":50,"column":null}},"18":{"start":{"line":51,"column":6},"end":{"line":51,"column":null}},"19":{"start":{"line":52,"column":6},"end":{"line":52,"column":null}},"20":{"start":{"line":54,"column":4},"end":{"line":54,"column":null}}},"fnMap":{"0":{"name":"(anonymous_0)","decl":{"start":{"line":14,"column":52},"end":{"line":14,"column":53}},"loc":{"start":{"line":14,"column":67},"end":{"line":56,"column":2}},"line":14},"1":{"name":"(anonymous_1)","decl":{"start":{"line":19,"column":15},"end":{"line":19,"column":27}},"loc":{"start":{"line":19,"column":27},"end":{"line":31,"column":null}},"line":19},"2":{"name":"(anonymous_2)","decl":{"start":{"line":33,"column":15},"end":{"line":33,"column":22}},"loc":{"start":{"line":33,"column":42},"end":{"line":36,"column":null}},"line":33},"3":{"name":"(anonymous_3)","decl":{"start":{"line":38,"column":20},"end":{"line":38,"column":27}},"loc":{"start":{"line":38,"column":35},"end":{"line":43,"column":null}},"line":38},"4":{"name":"(anonymous_4)","decl":{"start":{"line":45,"column":19},"end":{"line":45,"column":31}},"loc":{"start":{"line":45,"column":31},"end":{"line":55,"column":null}},"line":45},"5":{"name":"(anonymous_5)","decl":{"start":{"line":48,"column":52},"end":{"line":48,"column":58}},"loc":{"start":{"line":48,"column":58},"end":{"line":53,"column":5}},"line":48}},"branchMap":{"0":{"loc":{"start":{"line":39,"column":4},"end":{"line":41,"column":null}},"type":"if","locations":[{"start":{"line":39,"column":4},"end":{"line":41,"column":null}},{"start":{},"end":{}}],"line":39},"1":{"loc":{"start":{"line":50,"column":6},"end":{"line":50,"column":null}},"type":"if","locations":[{"start":{"line":50,"column":6},"end":{"line":50,"column":null}},{"start":{},"end":{}}],"line":50}},"s":{"0":1,"1":1,"2":3,"3":3,"4":3,"5":2,"6":1,"7":1,"8":1,"9":2,"10":1,"11":2,"12":1,"13":1,"14":1,"15":0,"16":0,"17":0,"18":0,"19":0,"20":1},"f":{"0":1,"1":3,"2":1,"3":2,"4":1,"5":0},"b":{"0":[1,1],"1":[0,0]},"meta":{"lastBranch":2,"lastFunction":6,"lastStatement":21,"seen":{"s:14:13:56:Infinity":0,"f:14:52:14:53":0,"s:14:67:56:2":1,"f:19:15:19:27":1,"s:20:4:20:Infinity":2,"s:21:4:30:Infinity":3,"s:22:21:22:Infinity":4,"s:23:6:27:Infinity":5,"s:29:6:29:Infinity":6,"f:33:15:33:22":2,"s:34:4:34:Infinity":7,"s:35:4:35:Infinity":8,"f:38:20:38:27":3,"b:39:4:41:Infinity:undefined:undefined:undefined:undefined":0,"s:39:4:41:Infinity":9,"s:40:6:40:Infinity":10,"s:42:4:42:Infinity":11,"f:45:19:45:31":4,"s:46:23:46:Infinity":12,"s:47:19:47:Infinity":13,"s:48:21:53:Infinity":14,"f:48:52:48:58":5,"s:49:18:49:Infinity":15,"b:50:6:50:Infinity:undefined:undefined:undefined:undefined":1,"s:50:6:50:Infinity":16,"s:50:33:50:Infinity":17,"s:51:6:51:Infinity":18,"s:52:6:52:Infinity":19,"s:54:4:54:Infinity":20},"fnNames":{}}}
}
